#
# A fatal error has been detected by the Java Runtime Environment:
#
#  SIGSEGV (0xb) at pc=0x00007f7e0d76a96e, pid=1271, tid=1389
#
# JRE version: OpenJDK Runtime Environment (11.0.9.1+1) (build 11.0.9.1+1-Ubuntu-0ubuntu1.18.04)
# Java VM: OpenJDK 64-Bit Server VM (11.0.9.1+1-Ubuntu-0ubuntu1.18.04, mixed mode, sharing, tiered, compressed oops, parallel gc, linux-amd64)
# Problematic frame:
# V  [libjvm.so+0xc8796e]
#
# No core dump will be written. Core dumps have been disabled. To enable core dumping, try "ulimit -c unlimited" before starting Java again
#
# If you would like to submit a bug report, please visit:
#   https://bugs.launchpad.net/ubuntu/+source/openjdk-lts
#

---------------  S U M M A R Y ------------

Command Line: --add-modules=ALL-SYSTEM --add-opens=java.base/java.util=ALL-UNNAMED --add-opens=java.base/java.lang=ALL-UNNAMED -Declipse.application=org.eclipse.jdt.ls.core.id1 -Dosgi.bundles.defaultStartLevel=4 -Declipse.product=org.eclipse.jdt.ls.core.product -Dfile.encoding=utf8 -XX:+UseParallelGC -XX:GCTimeRatio=4 -XX:AdaptiveSizePolicyWeight=90 -Dsun.zip.disableMemoryMapping=true -Xmx1G -Xms100m -javaagent:/home/racecar/.vscode-server/extensions/gabrielbb.vscode-lombok-1.0.1/server/lombok.jar -Xverify:none /home/racecar/.vscode-server/extensions/redhat.java-0.76.0/server/plugins/org.eclipse.equinox.launcher_1.6.100.v20201223-0822.jar -configuration /home/racecar/.vscode-server/data/User/globalStorage/redhat.java/0.76.0/config_linux -data /home/racecar/.vscode-server/data/User/workspaceStorage/028cdffddb8b8e29c720119db82f7b1c/redhat.java/jdt_ws

Host: Intel(R) Core(TM) i7-8550U CPU @ 1.80GHz, 8 cores, 12G, Ubuntu 18.04.2 LTS
Time: Mon Mar 22 21:02:56 2021 +08 elapsed time: 30414.519785 seconds (0d 8h 26m 54s)

---------------  T H R E A D  ---------------

Current thread (0x00007f7de000a000):  GCTaskThread "ParGC Thread#7" [stack: 0x00007f7d87cfc000,0x00007f7d87dfc000] [id=1389]

Stack: [0x00007f7d87cfc000,0x00007f7d87dfc000],  sp=0x00007f7d87dfab70,  free space=1018k
Native frames: (J=compiled Java code, A=aot compiled Java code, j=interpreted, Vv=VM code, C=native code)
V  [libjvm.so+0xc8796e]
V  [libjvm.so+0xc8a2c2]
V  [libjvm.so+0xc63182]
V  [libjvm.so+0x7c771b]
V  [libjvm.so+0xe77acf]
V  [libjvm.so+0xc1977e]


siginfo: si_signo: 11 (SIGSEGV), si_code: 128 (SI_KERNEL), si_addr: 0x0000000000000000

Register to memory mapping:

RAX=0x00007f7deceb7000 points into unknown readable memory: 49 22 49 12 00 00 00 00
RBX=0x00007f7e08197750 points into unknown readable memory: 00 00 00 00 00 00 00 00
RCX=0x0 is NULL
RDX=0x0000000000000001 is an unknown value
RSP=0x00007f7d87dfab70 points into unknown readable memory: 00 a0 00 e0 7d 7f 00 00
RBP=0x00007f7d87dfabc0 points into unknown readable memory: 60 ac df 87 7d 7f 00 00
RSI=0x007fffffffa00040 is an unknown value
RDI=0x00000008404c2950 is a pointer to class: 
org.apache.maven.model.InputLocation {0x00000008404c2950}
R8 =0x0000000000000014 is an unknown value
R9 =0x000000000000008c is an unknown value
R10=0x00007f7e0df993c8: <offset 0x00000000014b63c8> in /usr/lib/jvm/java-11-openjdk-amd64/lib/server/libjvm.so at 0x00007f7e0cae3000
R11=0x00007f7decfd0508 points into unknown readable memory: 00 02 82 44 44 24 20 00
R12=0x0000000000008000 is an unknown value
R13=0x00000000c4654350 points into unknown readable memory: 0d 00 00 00 00 00 00 00
R14=0x00000000c465434c is pointing into object: org.apache.maven.model.InputLocation 
{0x00000000c4654330} - klass: 'org/apache/maven/model/InputLocation'
R15=0x00000008404c2b78 is pointing into metadata


Registers:
RAX=0x00007f7deceb7000, RBX=0x00007f7e08197750, RCX=0x0000000000000000, RDX=0x0000000000000001
RSP=0x00007f7d87dfab70, RBP=0x00007f7d87dfabc0, RSI=0x007fffffffa00040, RDI=0x00000008404c2950
R8 =0x0000000000000014, R9 =0x000000000000008c, R10=0x00007f7e0df993c8, R11=0x00007f7decfd0508
R12=0x0000000000008000, R13=0x00000000c4654350, R14=0x00000000c465434c, R15=0x00000008404c2b78
RIP=0x00007f7e0d76a96e, EFLAGS=0x0000000000010202, CSGSFS=0x002b000000000033, ERR=0x0000000000000000
  TRAPNO=0x000000000000000d

Top of Stack: (sp=0x00007f7d87dfab70)
0x00007f7d87dfab70:   00007f7de000a000 00000008404c2b80
0x00007f7d87dfab80:   00000000c4654330 0000000000000008
0x00007f7d87dfab90:   00007f7d87dfabf0 00007f7e08197750
0x00007f7d87dfaba0:   0000000000000001 0000000000000007 

Instructions: (pc=0x00007f7e0d76a96e)
0x00007f7e0d76a86e:   52 10 48 89 c8 48 8d 0d 4e eb 82 00 48 c1 e8 03
0x00007f7e0d76a87e:   8b 09 48 d3 e8 48 89 c1 48 89 c6 b8 01 00 00 00
0x00007f7e0d76a88e:   83 e1 3f 48 c1 ee 06 48 d3 e0 48 85 04 f2 0f 84
0x00007f7e0d76a89e:   d6 04 00 00 48 8d 05 7c 79 87 00 4c 89 ef 80 38
0x00007f7e0d76a8ae:   00 0f 84 6b 02 00 00 e8 96 9b da ff 49 63 95 c4
0x00007f7e0d76a8be:   00 00 00 49 63 8d 34 01 00 00 48 01 ca 4c 8d 3c
0x00007f7e0d76a8ce:   d0 41 8b 85 30 01 00 00 49 8d 04 c7 4c 39 f8 48
0x00007f7e0d76a8de:   89 45 b8 0f 86 77 01 00 00 66 0f 1f 84 00 00 00
0x00007f7e0d76a8ee:   00 00 4d 63 07 48 8b 45 c0 4e 8d 34 00 41 8b 47
0x00007f7e0d76a8fe:   04 4d 8d 2c 86 4d 39 f5 77 15 e9 43 01 00 00 0f
0x00007f7e0d76a90e:   1f 00 49 83 c6 04 4d 39 f5 0f 86 33 01 00 00 45
0x00007f7e0d76a91e:   8b 26 45 85 e4 74 eb 48 8d 05 34 ac 84 00 48 8b
0x00007f7e0d76a92e:   15 c5 2b 89 00 8b 48 08 49 d3 e4 4c 03 20 4c 89
0x00007f7e0d76a93e:   e1 48 2b 0a 48 89 c8 48 8d 0d 7c ea 82 00 48 c1
0x00007f7e0d76a94e:   e8 03 8b 09 48 d3 e8 48 89 c1 48 89 c6 48 8b 42
0x00007f7e0d76a95e:   10 83 e1 3f 48 c1 ee 06 ba 01 00 00 00 48 d3 e2
0x00007f7e0d76a96e:   48 85 14 f0 75 9c 48 8d 05 a9 78 87 00 0f b6 00
0x00007f7e0d76a97e:   84 c0 0f 85 12 01 00 00 49 8b 7c 24 08 8b 4f 08
0x00007f7e0d76a98e:   83 f9 00 0f 8e 22 01 00 00 f6 c1 01 0f 85 e0 00
0x00007f7e0d76a99e:   00 00 89 c8 c1 f8 03 48 8d 3d 34 2c 89 00 48 63
0x00007f7e0d76a9ae:   c8 4c 89 e6 48 89 ca 48 89 4d c8 e8 c2 c8 fa ff
0x00007f7e0d76a9be:   84 c0 48 8b 4d c8 0f 84 46 ff ff ff 48 8d 3d cf
0x00007f7e0d76a9ce:   2b 89 00 48 89 ca 4c 89 e6 e8 64 cc 00 00 8b 43
0x00007f7e0d76a9de:   08 8b 93 88 00 00 00 89 c7 89 c1 29 d7 89 fa 81
0x00007f7e0d76a9ee:   e2 ff ff 01 00 81 fa fd ff 01 00 0f 86 02 01 00
0x00007f7e0d76a9fe:   00 81 fa ff ff 01 00 0f 84 f0 00 00 00 48 8b 93
0x00007f7e0d76aa0e:   b8 00 00 00 48 3b 93 a0 00 00 00 48 8d 0c d5 00
0x00007f7e0d76aa1e:   00 00 00 0f 84 bf 04 00 00 48 8b 83 d0 00 00 00
0x00007f7e0d76aa2e:   49 83 c6 04 4c 89 24 08 48 83 83 b8 00 00 00 01
0x00007f7e0d76aa3e:   4d 39 f5 0f 87 d6 fe ff ff 66 0f 1f 84 00 00 00
0x00007f7e0d76aa4e:   00 00 49 83 c7 08 4c 39 7d b8 0f 87 92 fe ff ff
0x00007f7e0d76aa5e:   48 83 c4 28 5b 41 5c 41 5d 41 5e 41 5f 5d c3 0f 


Stack slot to memory mapping:
stack at sp + 0 slots: 0x00007f7de000a000 points into unknown readable memory: 20 7c f8 0d 7e 7f 00 00
stack at sp + 1 slots: 0x00000008404c2b80 is a pointer to class: 
org.apache.maven.model.profile.DefaultProfileInjector$ProfileModelMerger {0x00000008404c2b80}
stack at sp + 2 slots: 0x00000000c4654330 is an oop: org.apache.maven.model.InputLocation 
{0x00000000c4654330} - klass: 'org/apache/maven/model/InputLocation'
stack at sp + 3 slots: 0x0000000000000008 is an unknown value
stack at sp + 4 slots: 0x00007f7d87dfabf0 points into unknown readable memory: 90 ac df 87 7d 7f 00 00
stack at sp + 5 slots: 0x00007f7e08197750 points into unknown readable memory: 00 00 00 00 00 00 00 00
stack at sp + 6 slots: 0x0000000000000001 is an unknown value
stack at sp + 7 slots: 0x0000000000000007 is an unknown value


---------------  P R O C E S S  ---------------

Threads class SMR info:
_java_thread_list=0x00007f7dc849e950, length=33, elements={
0x00007f7e08018000, 0x00007f7e081e1000, 0x00007f7e081e3000, 0x00007f7e081f0000,
0x00007f7e081f2000, 0x00007f7e081f4000, 0x00007f7e081f6000, 0x00007f7e0824f800,
0x00007f7e0831f800, 0x00007f7e084b7800, 0x00007f7e08509000, 0x00007f7e08503000,
0x00007f7da4033800, 0x00007f7da40de800, 0x00007f7da44a3800, 0x00007f7da4681800,
0x00007f7da4860800, 0x00007f7e0852c800, 0x00007f7e085bd800, 0x00007f7d58001000,
0x00007f7d38115800, 0x00007f7d60414800, 0x00007f7d611fe000, 0x00007f7d70033000,
0x00007f7d5c09e800, 0x00007f7d60099800, 0x00007f7d6009b000, 0x00007f7d40011000,
0x00007f7d2402e800, 0x00007f7d61412800, 0x00007f7d2c0c8800, 0x00007f7d24050800,
0x00007f7dc820c000
}

Java Threads: ( => current thread )
  0x00007f7e08018000 JavaThread "main" [_thread_blocked, id=1274, stack(0x00007f7e0ed80000,0x00007f7e0ee81000)]
  0x00007f7e081e1000 JavaThread "Reference Handler" daemon [_thread_blocked, id=1296, stack(0x00007f7de66e6000,0x00007f7de67e7000)]
  0x00007f7e081e3000 JavaThread "Finalizer" daemon [_thread_blocked, id=1297, stack(0x00007f7de65e5000,0x00007f7de66e6000)]
  0x00007f7e081f0000 JavaThread "Signal Dispatcher" daemon [_thread_blocked, id=1305, stack(0x00007f7de61d6000,0x00007f7de62d7000)]
  0x00007f7e081f2000 JavaThread "C2 CompilerThread0" daemon [_thread_blocked, id=1307, stack(0x00007f7de60d5000,0x00007f7de61d6000)]
  0x00007f7e081f4000 JavaThread "C1 CompilerThread0" daemon [_thread_blocked, id=1309, stack(0x00007f7de5fd4000,0x00007f7de60d5000)]
  0x00007f7e081f6000 JavaThread "Sweeper thread" daemon [_thread_blocked, id=1311, stack(0x00007f7de5ed3000,0x00007f7de5fd4000)]
  0x00007f7e0824f800 JavaThread "Common-Cleaner" daemon [_thread_blocked, id=1325, stack(0x00007f7de5dd2000,0x00007f7de5ed3000)]
  0x00007f7e0831f800 JavaThread "Service Thread" daemon [_thread_blocked, id=1336, stack(0x00007f7de57a8000,0x00007f7de58a9000)]
  0x00007f7e084b7800 JavaThread "Active Thread: Equinox Container: 27494505-ab25-4103-811d-4dec624bb7c8" [_thread_blocked, id=1351, stack(0x00007f7de520e000,0x00007f7de530f000)]
  0x00007f7e08509000 JavaThread "Framework Event Dispatcher: Equinox Container: 27494505-ab25-4103-811d-4dec624bb7c8" daemon [_thread_blocked, id=1354, stack(0x00007f7de510d000,0x00007f7de520e000)]
  0x00007f7e08503000 JavaThread "Start Level: Equinox Container: 27494505-ab25-4103-811d-4dec624bb7c8" daemon [_thread_blocked, id=1355, stack(0x00007f7de500c000,0x00007f7de510d000)]
  0x00007f7da4033800 JavaThread "SCR Component Actor" daemon [_thread_blocked, id=1359, stack(0x00007f7de4af6000,0x00007f7de4bf7000)]
  0x00007f7da40de800 JavaThread "Bundle File Closer" daemon [_thread_blocked, id=1374, stack(0x00007f7de54fd000,0x00007f7de55fe000)]
  0x00007f7da44a3800 JavaThread "Worker-JM" [_thread_blocked, id=1382, stack(0x00007f7de44f4000,0x00007f7de45f5000)]
  0x00007f7da4681800 JavaThread "Java indexing" daemon [_thread_blocked, id=1396, stack(0x00007f7d875f7000,0x00007f7d876f8000)]
  0x00007f7da4860800 JavaThread "logback configurator timer" daemon [_thread_blocked, id=1400, stack(0x00007f7d874f6000,0x00007f7d875f7000)]
  0x00007f7e0852c800 JavaThread "pool-3-thread-1" [_thread_blocked, id=1402, stack(0x00007f7d878f8000,0x00007f7d879f9000)]
  0x00007f7e085bd800 JavaThread "pool-2-thread-1" [_thread_in_native, id=1403, stack(0x00007f7d86df5000,0x00007f7d86ef6000)]
  0x00007f7d58001000 JavaThread "Worker-5" [_thread_blocked, id=1419, stack(0x00007f7d85886000,0x00007f7d85987000)]
  0x00007f7d38115800 JavaThread "Java Debug Server" daemon [_thread_in_native, id=2534, stack(0x00007f7d867da000,0x00007f7d868db000)]
  0x00007f7d60414800 JavaThread "RxSchedulerPurge-1" daemon [_thread_blocked, id=2536, stack(0x00007f7d869f3000,0x00007f7d86af4000)]
  0x00007f7d611fe000 JavaThread "RxCachedWorkerPoolEvictor-1" daemon [_thread_blocked, id=2537, stack(0x00007f7d8497f000,0x00007f7d84a80000)]
  0x00007f7d70033000 JavaThread "process reaper" daemon [_thread_blocked, id=3276, stack(0x00007f7e0c016000,0x00007f7e0c038000)]
  0x00007f7d5c09e800 JavaThread "Worker-7" [_thread_blocked, id=4435, stack(0x00007f7de45f5000,0x00007f7de46f6000)]
  0x00007f7d60099800 JavaThread "ForkJoinPool.commonPool-worker-5" daemon [_thread_blocked, id=6496, stack(0x00007f7d84a80000,0x00007f7d84b81000)]
  0x00007f7d6009b000 JavaThread "ForkJoinPool.commonPool-worker-7" daemon [_thread_blocked, id=6497, stack(0x00007f7d84f85000,0x00007f7d85086000)]
  0x00007f7d40011000 JavaThread "ForkJoinPool.commonPool-worker-9" daemon [_thread_blocked, id=6498, stack(0x00007f7d84c82000,0x00007f7d84d83000)]
  0x00007f7d2402e800 JavaThread "ForkJoinPool.commonPool-worker-11" daemon [_thread_blocked, id=6499, stack(0x00007f7d84b81000,0x00007f7d84c82000)]
  0x00007f7d61412800 JavaThread "ForkJoinPool.commonPool-worker-1" daemon [_thread_blocked, id=6500, stack(0x00007f7d8477d000,0x00007f7d8487e000)]
  0x00007f7d2c0c8800 JavaThread "ForkJoinPool.commonPool-worker-15" daemon [_thread_blocked, id=6501, stack(0x00007f7de41f3000,0x00007f7de42f4000)]
  0x00007f7d24050800 JavaThread "ForkJoinPool.commonPool-worker-3" daemon [_thread_blocked, id=6530, stack(0x00007f7d86cf4000,0x00007f7d86df5000)]
  0x00007f7dc820c000 JavaThread "C2 CompilerThread1" daemon [_thread_blocked, id=6533, stack(0x00007f7d8487e000,0x00007f7d8497f000)]

Other Threads:
  0x00007f7e081de000 VMThread "VM Thread" [stack: 0x00007f7de67e9000,0x00007f7de68e9000] [id=1283]
  0x00007f7e08321800 WatcherThread [stack: 0x00007f7de56a8000,0x00007f7de57a8000] [id=1337]
  0x00007f7e08030000 GCTaskThread "ParGC Thread#0" [stack: 0x00007f7deeeb9000,0x00007f7deefb9000] [id=1277]
  0x00007f7de0001000 GCTaskThread "ParGC Thread#1" [stack: 0x00007f7de5311000,0x00007f7de5411000] [id=1347]
  0x00007f7de0002800 GCTaskThread "ParGC Thread#2" [stack: 0x00007f7de4cfb000,0x00007f7de4dfb000] [id=1356]
  0x00007f7de0004000 GCTaskThread "ParGC Thread#3" [stack: 0x00007f7de4bf9000,0x00007f7de4cf9000] [id=1357]
  0x00007f7de0005800 GCTaskThread "ParGC Thread#4" [stack: 0x00007f7de40f3000,0x00007f7de41f3000] [id=1386]
  0x00007f7de0007000 GCTaskThread "ParGC Thread#5" [stack: 0x00007f7d87f00000,0x00007f7d88000000] [id=1387]
  0x00007f7de0008800 GCTaskThread "ParGC Thread#6" [stack: 0x00007f7d87dfe000,0x00007f7d87efe000] [id=1388]
=>0x00007f7de000a000 GCTaskThread "ParGC Thread#7" [stack: 0x00007f7d87cfc000,0x00007f7d87dfc000] [id=1389]

Threads with active compile tasks:
C2 CompilerThread030414530 14363       4       org.eclipse.jdt.internal.compiler.classfmt.ModuleInfo::readModuleAttribute (1166 bytes)
C1 CompilerThread030414530 14391   !   3       org.eclipse.jdt.internal.core.JavaModelStatus::getMessage (1708 bytes)
C2 CompilerThread130414530 14395       4       org.eclipse.jdt.internal.core.search.matching.JavaSearchNameEnvironment::addPackageNameToIndex (45 bytes)

VM state:at safepoint (normal execution)

VM Mutex/Monitor currently owned by a thread:  ([mutex/lock_event])
[0x00007f7e08013c50] Threads_lock - owner thread: 0x00007f7e081de000
[0x00007f7e08014430] Heap_lock - owner thread: 0x00007f7d60099800

Heap address: 0x00000000c0000000, size: 1024 MB, Compressed Oops mode: 32-bit
Narrow klass base: 0x0000000800000000, Narrow klass shift: 3
Compressed class space size: 1073741824 Address: 0x0000000840000000

Heap:
 PSYoungGen      total 22016K, used 4083K [0x00000000eab00000, 0x00000000ed280000, 0x0000000100000000)
  eden space 17920K, 0% used [0x00000000eab00000,0x00000000eab00000,0x00000000ebc80000)
  from space 4096K, 99% used [0x00000000ebc80000,0x00000000ec07ce88,0x00000000ec080000)
  to   space 11264K, 0% used [0x00000000ec780000,0x00000000ec780000,0x00000000ed280000)
 ParOldGen       total 177664K, used 175372K [0x00000000c0000000, 0x00000000cad80000, 0x00000000eab00000)
  object space 177664K, 98% used [0x00000000c0000000,0x00000000cab430a8,0x00000000cad80000)
 Metaspace       used 70507K, capacity 74213K, committed 74408K, reserved 1116160K
  class space    used 6811K, capacity 8155K, committed 8184K, reserved 1048576K

Card table byte_map: [0x00007f7def10f000,0x00007f7def310000] _byte_map_base: 0x00007f7deeb0f000

Marking Bits: (ParMarkBitMap*) 0x00007f7e0dffd5e0
 Begin Bits: [0x00007f7deceb7000, 0x00007f7dedeb7000)
 End Bits:   [0x00007f7dedeb7000, 0x00007f7deeeb7000)

Polling page: 0x00007f7e0ee8d000

Metaspace:

Usage:
  Non-class:     64.51 MB capacity,    62.20 MB ( 96%) used,     2.13 MB (  3%) free+waste,   178.56 KB ( <1%) overhead. 
      Class:      7.96 MB capacity,     6.65 MB ( 84%) used,     1.23 MB ( 16%) free+waste,    79.12 KB ( <1%) overhead. 
       Both:     72.47 MB capacity,    68.86 MB ( 95%) used,     3.37 MB (  5%) free+waste,   257.69 KB ( <1%) overhead. 

Virtual space:
  Non-class space:       66.00 MB reserved,      64.67 MB ( 98%) committed 
      Class space:        1.00 GB reserved,       7.99 MB ( <1%) committed 
             Both:        1.06 GB reserved,      72.66 MB (  7%) committed 

Chunk freelists:
   Non-Class:  66.00 KB
       Class:  5.00 KB
        Both:  71.00 KB

MaxMetaspaceSize: unlimited
CompressedClassSpaceSize: 1.00 GB

CodeHeap 'non-profiled nmethods': size=120032Kb used=8526Kb max_used=8526Kb free=111506Kb
 bounds [0x00007f7df6ec3000, 0x00007f7df7723000, 0x00007f7dfe3fb000]
CodeHeap 'profiled nmethods': size=120028Kb used=26215Kb max_used=26543Kb free=93812Kb
 bounds [0x00007f7def98c000, 0x00007f7df141c000, 0x00007f7df6ec3000]
CodeHeap 'non-nmethods': size=5700Kb used=1324Kb max_used=1412Kb free=4375Kb
 bounds [0x00007f7def3fb000, 0x00007f7def66b000, 0x00007f7def98c000]
 total_blobs=11809 nmethods=11063 adapters=657
 compilation: enabled
              stopped_count=0, restarted_count=0
 full_count=0

Compilation events (20 events):
Event: 30414.315 Thread 0x00007f7e081f4000 14383       3       org.eclipse.jdt.internal.core.builder.ClasspathJar::hashCode (22 bytes)
Event: 30414.315 Thread 0x00007f7e081f4000 nmethod 14383 0x00007f7df0ddb810 code [0x00007f7df0ddb9e0, 0x00007f7df0ddbbb0]
Event: 30414.320 Thread 0x00007f7e081f4000 14386       3       org.eclipse.jdt.internal.core.JavaElement::toStringName (10 bytes)
Event: 30414.321 Thread 0x00007f7e081f4000 nmethod 14386 0x00007f7df0df3310 code [0x00007f7df0df34e0, 0x00007f7df0df3930]
Event: 30414.332 Thread 0x00007f7e081f4000 14388       3       org.eclipse.jdt.internal.core.nd.java.model.BinaryModuleFactory::createDescriptor (154 bytes)
Event: 30414.335 Thread 0x00007f7e081f4000 nmethod 14388 0x00007f7df117e090 code [0x00007f7df117e700, 0x00007f7df11824a0]
Event: 30414.335 Thread 0x00007f7dc820c000 14384       4       org.eclipse.jdt.internal.core.PackageFragmentRoot::getPath (5 bytes)
Event: 30414.335 Thread 0x00007f7dc820c000 nmethod 14384 0x00007f7df7717590 code [0x00007f7df7717720, 0x00007f7df77177b8]
Event: 30414.335 Thread 0x00007f7dc820c000 14387       4       java.nio.file.attribute.FileTime::toMillis (98 bytes)
Event: 30414.337 Thread 0x00007f7dc820c000 nmethod 14387 0x00007f7df7717890 code [0x00007f7df7717a20, 0x00007f7df7717b98]
Event: 30414.337 Thread 0x00007f7dc820c000 14385       4       org.eclipse.core.internal.resources.Resource::getName (10 bytes)
Event: 30414.338 Thread 0x00007f7dc820c000 nmethod 14385 0x00007f7df7717d10 code [0x00007f7df7717ea0, 0x00007f7df7717f78]
Event: 30414.344 Thread 0x00007f7dc820c000 14389       4       java.lang.String::replace (42 bytes)
Event: 30414.344 Thread 0x00007f7dc820c000 nmethod 14389 0x00007f7df7718090 code [0x00007f7df7718240, 0x00007f7df7718318]
Event: 30414.353 Thread 0x00007f7e081f4000 14390       3       org.eclipse.jdt.internal.core.JavaElement::toStringInfo (28 bytes)
Event: 30414.354 Thread 0x00007f7e081f4000 nmethod 14390 0x00007f7df0e2a790 code [0x00007f7df0e2a9e0, 0x00007f7df0e2b670]
Event: 30414.354 Thread 0x00007f7e081f4000 14391   !   3       org.eclipse.jdt.internal.core.JavaModelStatus::getMessage (1708 bytes)
Event: 30414.356 Thread 0x00007f7dc820c000 14394       4       org.eclipse.core.internal.resources.ProjectPreferences::internalGet (26 bytes)
Event: 30414.357 Thread 0x00007f7dc820c000 nmethod 14394 0x00007f7df7718410 code [0x00007f7df77185c0, 0x00007f7df77186b8]
Event: 30414.364 Thread 0x00007f7dc820c000 14395       4       org.eclipse.jdt.internal.core.search.matching.JavaSearchNameEnvironment::addPackageNameToIndex (45 bytes)

GC Heap History (20 events):
Event: 30404.303 GC heap after
{Heap after GC invocations=130 (full 5):
 PSYoungGen      total 23040K, used 3001K [0x00000000eab00000, 0x00000000ec780000, 0x0000000100000000)
  eden space 19968K, 0% used [0x00000000eab00000,0x00000000eab00000,0x00000000ebe80000)
  from space 3072K, 97% used [0x00000000ec480000,0x00000000ec76e460,0x00000000ec780000)
  to   space 3584K, 0% used [0x00000000ec080000,0x00000000ec080000,0x00000000ec400000)
 ParOldGen       total 177664K, used 163236K [0x00000000c0000000, 0x00000000cad80000, 0x00000000eab00000)
  object space 177664K, 91% used [0x00000000c0000000,0x00000000c9f69330,0x00000000cad80000)
 Metaspace       used 70378K, capacity 74079K, committed 74408K, reserved 1116160K
  class space    used 6811K, capacity 8154K, committed 8184K, reserved 1048576K
}
Event: 30404.342 GC heap before
{Heap before GC invocations=131 (full 5):
 PSYoungGen      total 23040K, used 22969K [0x00000000eab00000, 0x00000000ec780000, 0x0000000100000000)
  eden space 19968K, 100% used [0x00000000eab00000,0x00000000ebe80000,0x00000000ebe80000)
  from space 3072K, 97% used [0x00000000ec480000,0x00000000ec76e460,0x00000000ec780000)
  to   space 3584K, 0% used [0x00000000ec080000,0x00000000ec080000,0x00000000ec400000)
 ParOldGen       total 177664K, used 163236K [0x00000000c0000000, 0x00000000cad80000, 0x00000000eab00000)
  object space 177664K, 91% used [0x00000000c0000000,0x00000000c9f69330,0x00000000cad80000)
 Metaspace       used 70414K, capacity 74143K, committed 74408K, reserved 1116160K
  class space    used 6811K, capacity 8154K, committed 8184K, reserved 1048576K
}
Event: 30404.347 GC heap after
{Heap after GC invocations=131 (full 5):
 PSYoungGen      total 23040K, used 2601K [0x00000000eab00000, 0x00000000ec500000, 0x0000000100000000)
  eden space 19968K, 0% used [0x00000000eab00000,0x00000000eab00000,0x00000000ebe80000)
  from space 3072K, 84% used [0x00000000ec080000,0x00000000ec30a430,0x00000000ec380000)
  to   space 1536K, 0% used [0x00000000ec380000,0x00000000ec380000,0x00000000ec500000)
 ParOldGen       total 177664K, used 163268K [0x00000000c0000000, 0x00000000cad80000, 0x00000000eab00000)
  object space 177664K, 91% used [0x00000000c0000000,0x00000000c9f71330,0x00000000cad80000)
 Metaspace       used 70414K, capacity 74143K, committed 74408K, reserved 1116160K
  class space    used 6811K, capacity 8154K, committed 8184K, reserved 1048576K
}
Event: 30404.373 GC heap before
{Heap before GC invocations=132 (full 5):
 PSYoungGen      total 23040K, used 22569K [0x00000000eab00000, 0x00000000ec500000, 0x0000000100000000)
  eden space 19968K, 100% used [0x00000000eab00000,0x00000000ebe80000,0x00000000ebe80000)
  from space 3072K, 84% used [0x00000000ec080000,0x00000000ec30a430,0x00000000ec380000)
  to   space 1536K, 0% used [0x00000000ec380000,0x00000000ec380000,0x00000000ec500000)
 ParOldGen       total 177664K, used 163268K [0x00000000c0000000, 0x00000000cad80000, 0x00000000eab00000)
  object space 177664K, 91% used [0x00000000c0000000,0x00000000c9f71330,0x00000000cad80000)
 Metaspace       used 70414K, capacity 74143K, committed 74408K, reserved 1116160K
  class space    used 6811K, capacity 8154K, committed 8184K, reserved 1048576K
}
Event: 30404.381 GC heap after
{Heap after GC invocations=132 (full 5):
 PSYoungGen      total 21504K, used 1524K [0x00000000eab00000, 0x00000000ec580000, 0x0000000100000000)
  eden space 19968K, 0% used [0x00000000eab00000,0x00000000eab00000,0x00000000ebe80000)
  from space 1536K, 99% used [0x00000000ec380000,0x00000000ec4fd210,0x00000000ec500000)
  to   space 3584K, 0% used [0x00000000ebe80000,0x00000000ebe80000,0x00000000ec200000)
 ParOldGen       total 177664K, used 165015K [0x00000000c0000000, 0x00000000cad80000, 0x00000000eab00000)
  object space 177664K, 92% used [0x00000000c0000000,0x00000000ca125c60,0x00000000cad80000)
 Metaspace       used 70414K, capacity 74143K, committed 74408K, reserved 1116160K
  class space    used 6811K, capacity 8154K, committed 8184K, reserved 1048576K
}
Event: 30404.435 GC heap before
{Heap before GC invocations=133 (full 5):
 PSYoungGen      total 21504K, used 21492K [0x00000000eab00000, 0x00000000ec580000, 0x0000000100000000)
  eden space 19968K, 100% used [0x00000000eab00000,0x00000000ebe80000,0x00000000ebe80000)
  from space 1536K, 99% used [0x00000000ec380000,0x00000000ec4fd210,0x00000000ec500000)
  to   space 3584K, 0% used [0x00000000ebe80000,0x00000000ebe80000,0x00000000ec200000)
 ParOldGen       total 177664K, used 165015K [0x00000000c0000000, 0x00000000cad80000, 0x00000000eab00000)
  object space 177664K, 92% used [0x00000000c0000000,0x00000000ca125c60,0x00000000cad80000)
 Metaspace       used 70441K, capacity 74143K, committed 74408K, reserved 1116160K
  class space    used 6811K, capacity 8154K, committed 8184K, reserved 1048576K
}
Event: 30404.439 GC heap after
{Heap after GC invocations=133 (full 5):
 PSYoungGen      total 22528K, used 2121K [0x00000000eab00000, 0x00000000ec400000, 0x0000000100000000)
  eden space 19968K, 0% used [0x00000000eab00000,0x00000000eab00000,0x00000000ebe80000)
  from space 2560K, 82% used [0x00000000ebe80000,0x00000000ec092420,0x00000000ec100000)
  to   space 2560K, 0% used [0x00000000ec180000,0x00000000ec180000,0x00000000ec400000)
 ParOldGen       total 177664K, used 166057K [0x00000000c0000000, 0x00000000cad80000, 0x00000000eab00000)
  object space 177664K, 93% used [0x00000000c0000000,0x00000000ca22a430,0x00000000cad80000)
 Metaspace       used 70441K, capacity 74143K, committed 74408K, reserved 1116160K
  class space    used 6811K, capacity 8154K, committed 8184K, reserved 1048576K
}
Event: 30404.468 GC heap before
{Heap before GC invocations=134 (full 5):
 PSYoungGen      total 22528K, used 22089K [0x00000000eab00000, 0x00000000ec400000, 0x0000000100000000)
  eden space 19968K, 100% used [0x00000000eab00000,0x00000000ebe80000,0x00000000ebe80000)
  from space 2560K, 82% used [0x00000000ebe80000,0x00000000ec092420,0x00000000ec100000)
  to   space 2560K, 0% used [0x00000000ec180000,0x00000000ec180000,0x00000000ec400000)
 ParOldGen       total 177664K, used 166057K [0x00000000c0000000, 0x00000000cad80000, 0x00000000eab00000)
  object space 177664K, 93% used [0x00000000c0000000,0x00000000ca22a430,0x00000000cad80000)
 Metaspace       used 70441K, capacity 74143K, committed 74408K, reserved 1116160K
  class space    used 6811K, capacity 8154K, committed 8184K, reserved 1048576K
}
Event: 30404.471 GC heap after
{Heap after GC invocations=134 (full 5):
 PSYoungGen      total 22016K, used 2548K [0x00000000eab00000, 0x00000000ec580000, 0x0000000100000000)
  eden space 19456K, 0% used [0x00000000eab00000,0x00000000eab00000,0x00000000ebe00000)
  from space 2560K, 99% used [0x00000000ec180000,0x00000000ec3fd200,0x00000000ec400000)
  to   space 3584K, 0% used [0x00000000ebe00000,0x00000000ebe00000,0x00000000ec180000)
 ParOldGen       total 177664K, used 166445K [0x00000000c0000000, 0x00000000cad80000, 0x00000000eab00000)
  object space 177664K, 93% used [0x00000000c0000000,0x00000000ca28b680,0x00000000cad80000)
 Metaspace       used 70441K, capacity 74143K, committed 74408K, reserved 1116160K
  class space    used 6811K, capacity 8154K, committed 8184K, reserved 1048576K
}
Event: 30404.500 GC heap before
{Heap before GC invocations=135 (full 5):
 PSYoungGen      total 22016K, used 22004K [0x00000000eab00000, 0x00000000ec580000, 0x0000000100000000)
  eden space 19456K, 100% used [0x00000000eab00000,0x00000000ebe00000,0x00000000ebe00000)
  from space 2560K, 99% used [0x00000000ec180000,0x00000000ec3fd200,0x00000000ec400000)
  to   space 3584K, 0% used [0x00000000ebe00000,0x00000000ebe00000,0x00000000ec180000)
 ParOldGen       total 177664K, used 166445K [0x00000000c0000000, 0x00000000cad80000, 0x00000000eab00000)
  object space 177664K, 93% used [0x00000000c0000000,0x00000000ca28b680,0x00000000cad80000)
 Metaspace       used 70460K, capacity 74207K, committed 74408K, reserved 1116160K
  class space    used 6811K, capacity 8154K, committed 8184K, reserved 1048576K
}
Event: 30404.506 GC heap after
{Heap after GC invocations=135 (full 5):
 PSYoungGen      total 23040K, used 3396K [0x00000000eab00000, 0x00000000ec500000, 0x0000000100000000)
  eden space 19456K, 0% used [0x00000000eab00000,0x00000000eab00000,0x00000000ebe00000)
  from space 3584K, 94% used [0x00000000ebe00000,0x00000000ec151210,0x00000000ec180000)
  to   space 3584K, 0% used [0x00000000ec180000,0x00000000ec180000,0x00000000ec500000)
 ParOldGen       total 177664K, used 166890K [0x00000000c0000000, 0x00000000cad80000, 0x00000000eab00000)
  object space 177664K, 93% used [0x00000000c0000000,0x00000000ca2fa8a0,0x00000000cad80000)
 Metaspace       used 70460K, capacity 74207K, committed 74408K, reserved 1116160K
  class space    used 6811K, capacity 8154K, committed 8184K, reserved 1048576K
}
Event: 30404.535 GC heap before
{Heap before GC invocations=136 (full 5):
 PSYoungGen      total 23040K, used 22852K [0x00000000eab00000, 0x00000000ec500000, 0x0000000100000000)
  eden space 19456K, 100% used [0x00000000eab00000,0x00000000ebe00000,0x00000000ebe00000)
  from space 3584K, 94% used [0x00000000ebe00000,0x00000000ec151210,0x00000000ec180000)
  to   space 3584K, 0% used [0x00000000ec180000,0x00000000ec180000,0x00000000ec500000)
 ParOldGen       total 177664K, used 166890K [0x00000000c0000000, 0x00000000cad80000, 0x00000000eab00000)
  object space 177664K, 93% used [0x00000000c0000000,0x00000000ca2fa8a0,0x00000000cad80000)
 Metaspace       used 70460K, capacity 74207K, committed 74408K, reserved 1116160K
  class space    used 6811K, capacity 8154K, committed 8184K, reserved 1048576K
}
Event: 30404.539 GC heap after
{Heap after GC invocations=136 (full 5):
 PSYoungGen      total 22016K, used 3572K [0x00000000eab00000, 0x00000000ec700000, 0x0000000100000000)
  eden space 18432K, 0% used [0x00000000eab00000,0x00000000eab00000,0x00000000ebd00000)
  from space 3584K, 99% used [0x00000000ec180000,0x00000000ec4fd220,0x00000000ec500000)
  to   space 4608K, 0% used [0x00000000ebd00000,0x00000000ebd00000,0x00000000ec180000)
 ParOldGen       total 177664K, used 167538K [0x00000000c0000000, 0x00000000cad80000, 0x00000000eab00000)
  object space 177664K, 94% used [0x00000000c0000000,0x00000000ca39c900,0x00000000cad80000)
 Metaspace       used 70460K, capacity 74207K, committed 74408K, reserved 1116160K
  class space    used 6811K, capacity 8154K, committed 8184K, reserved 1048576K
}
Event: 30414.209 GC heap before
{Heap before GC invocations=137 (full 5):
 PSYoungGen      total 22016K, used 22004K [0x00000000eab00000, 0x00000000ec700000, 0x0000000100000000)
  eden space 18432K, 100% used [0x00000000eab00000,0x00000000ebd00000,0x00000000ebd00000)
  from space 3584K, 99% used [0x00000000ec180000,0x00000000ec4fd220,0x00000000ec500000)
  to   space 4608K, 0% used [0x00000000ebd00000,0x00000000ebd00000,0x00000000ec180000)
 ParOldGen       total 177664K, used 167538K [0x00000000c0000000, 0x00000000cad80000, 0x00000000eab00000)
  object space 177664K, 94% used [0x00000000c0000000,0x00000000ca39c900,0x00000000cad80000)
 Metaspace       used 70466K, capacity 74207K, committed 74408K, reserved 1116160K
  class space    used 6811K, capacity 8154K, committed 8184K, reserved 1048576K
}
Event: 30414.215 GC heap after
{Heap after GC invocations=137 (full 5):
 PSYoungGen      total 21504K, used 2926K [0x00000000eab00000, 0x00000000ec400000, 0x0000000100000000)
  eden space 18432K, 0% used [0x00000000eab00000,0x00000000eab00000,0x00000000ebd00000)
  from space 3072K, 95% used [0x00000000ebd00000,0x00000000ebfdbb00,0x00000000ec000000)
  to   space 3584K, 0% used [0x00000000ec080000,0x00000000ec080000,0x00000000ec400000)
 ParOldGen       total 177664K, used 169558K [0x00000000c0000000, 0x00000000cad80000, 0x00000000eab00000)
  object space 177664K, 95% used [0x00000000c0000000,0x00000000ca595aa0,0x00000000cad80000)
 Metaspace       used 70466K, capacity 74207K, committed 74408K, reserved 1116160K
  class space    used 6811K, capacity 8154K, committed 8184K, reserved 1048576K
}
Event: 30414.242 GC heap before
{Heap before GC invocations=138 (full 5):
 PSYoungGen      total 21504K, used 21358K [0x00000000eab00000, 0x00000000ec400000, 0x0000000100000000)
  eden space 18432K, 100% used [0x00000000eab00000,0x00000000ebd00000,0x00000000ebd00000)
  from space 3072K, 95% used [0x00000000ebd00000,0x00000000ebfdbb00,0x00000000ec000000)
  to   space 3584K, 0% used [0x00000000ec080000,0x00000000ec080000,0x00000000ec400000)
 ParOldGen       total 177664K, used 169558K [0x00000000c0000000, 0x00000000cad80000, 0x00000000eab00000)
  object space 177664K, 95% used [0x00000000c0000000,0x00000000ca595aa0,0x00000000cad80000)
 Metaspace       used 70476K, capacity 74213K, committed 74408K, reserved 1116160K
  class space    used 6811K, capacity 8155K, committed 8184K, reserved 1048576K
}
Event: 30414.246 GC heap after
{Heap after GC invocations=138 (full 5):
 PSYoungGen      total 21504K, used 3534K [0x00000000eab00000, 0x00000000ec500000, 0x0000000100000000)
  eden space 17920K, 0% used [0x00000000eab00000,0x00000000eab00000,0x00000000ebc80000)
  from space 3584K, 98% used [0x00000000ec080000,0x00000000ec3f3b00,0x00000000ec400000)
  to   space 4096K, 0% used [0x00000000ebc80000,0x00000000ebc80000,0x00000000ec080000)
 ParOldGen       total 177664K, used 169558K [0x00000000c0000000, 0x00000000cad80000, 0x00000000eab00000)
  object space 177664K, 95% used [0x00000000c0000000,0x00000000ca595aa0,0x00000000cad80000)
 Metaspace       used 70476K, capacity 74213K, committed 74408K, reserved 1116160K
  class space    used 6811K, capacity 8155K, committed 8184K, reserved 1048576K
}
Event: 30414.371 GC heap before
{Heap before GC invocations=139 (full 5):
 PSYoungGen      total 21504K, used 21454K [0x00000000eab00000, 0x00000000ec500000, 0x0000000100000000)
  eden space 17920K, 100% used [0x00000000eab00000,0x00000000ebc80000,0x00000000ebc80000)
  from space 3584K, 98% used [0x00000000ec080000,0x00000000ec3f3b00,0x00000000ec400000)
  to   space 4096K, 0% used [0x00000000ebc80000,0x00000000ebc80000,0x00000000ec080000)
 ParOldGen       total 177664K, used 169558K [0x00000000c0000000, 0x00000000cad80000, 0x00000000eab00000)
  object space 177664K, 95% used [0x00000000c0000000,0x00000000ca595aa0,0x00000000cad80000)
 Metaspace       used 70507K, capacity 74213K, committed 74408K, reserved 1116160K
  class space    used 6811K, capacity 8155K, committed 8184K, reserved 1048576K
}
Event: 30414.378 GC heap after
{Heap after GC invocations=139 (full 5):
 PSYoungGen      total 22016K, used 4083K [0x00000000eab00000, 0x00000000ed280000, 0x0000000100000000)
  eden space 17920K, 0% used [0x00000000eab00000,0x00000000eab00000,0x00000000ebc80000)
  from space 4096K, 99% used [0x00000000ebc80000,0x00000000ec07ce88,0x00000000ec080000)
  to   space 11264K, 0% used [0x00000000ec780000,0x00000000ec780000,0x00000000ed280000)
 ParOldGen       total 177664K, used 175372K [0x00000000c0000000, 0x00000000cad80000, 0x00000000eab00000)
  object space 177664K, 98% used [0x00000000c0000000,0x00000000cab430a8,0x00000000cad80000)
 Metaspace       used 70507K, capacity 74213K, committed 74408K, reserved 1116160K
  class space    used 6811K, capacity 8155K, committed 8184K, reserved 1048576K
}
Event: 30414.378 GC heap before
{Heap before GC invocations=140 (full 6):
 PSYoungGen      total 22016K, used 4083K [0x00000000eab00000, 0x00000000ed280000, 0x0000000100000000)
  eden space 17920K, 0% used [0x00000000eab00000,0x00000000eab00000,0x00000000ebc80000)
  from space 4096K, 99% used [0x00000000ebc80000,0x00000000ec07ce88,0x00000000ec080000)
  to   space 11264K, 0% used [0x00000000ec780000,0x00000000ec780000,0x00000000ed280000)
 ParOldGen       total 177664K, used 175372K [0x00000000c0000000, 0x00000000cad80000, 0x00000000eab00000)
  object space 177664K, 98% used [0x00000000c0000000,0x00000000cab430a8,0x00000000cad80000)
 Metaspace       used 70507K, capacity 74213K, committed 74408K, reserved 1116160K
  class space    used 6811K, capacity 8155K, committed 8184K, reserved 1048576K
}

Deoptimization events (20 events):
Event: 30414.270 Thread 0x00007f7d60099800 Uncommon trap: trap_request=0xffffffd6 fr.pc=0x00007f7df75dbcdc relative=0x0000000000006f7c
Event: 30414.270 Thread 0x00007f7d60099800 Uncommon trap: reason=array_check action=maybe_recompile pc=0x00007f7df75dbcdc method=org.eclipse.jdt.internal.compiler.classfmt.ModuleInfo.readModuleAttribute(I)V @ 1029 c2
Event: 30414.270 Thread 0x00007f7d60099800 DEOPT PACKING pc=0x00007f7df75dbcdc sp=0x00007f7d84b7e1a0
Event: 30414.270 Thread 0x00007f7d60099800 DEOPT UNPACKING pc=0x00007f7def4211a5 sp=0x00007f7d84b7e148 mode 2
Event: 30414.270 Thread 0x00007f7d60099800 Uncommon trap: trap_request=0xffffffd6 fr.pc=0x00007f7df75dbcdc relative=0x0000000000006f7c
Event: 30414.270 Thread 0x00007f7d60099800 Uncommon trap: reason=array_check action=maybe_recompile pc=0x00007f7df75dbcdc method=org.eclipse.jdt.internal.compiler.classfmt.ModuleInfo.readModuleAttribute(I)V @ 1029 c2
Event: 30414.270 Thread 0x00007f7d60099800 DEOPT PACKING pc=0x00007f7df75dbcdc sp=0x00007f7d84b7e1a0
Event: 30414.270 Thread 0x00007f7d60099800 DEOPT UNPACKING pc=0x00007f7def4211a5 sp=0x00007f7d84b7e148 mode 2
Event: 30414.270 Thread 0x00007f7d60099800 Uncommon trap: trap_request=0xffffffd6 fr.pc=0x00007f7df75dbcdc relative=0x0000000000006f7c
Event: 30414.270 Thread 0x00007f7d60099800 Uncommon trap: reason=array_check action=maybe_recompile pc=0x00007f7df75dbcdc method=org.eclipse.jdt.internal.compiler.classfmt.ModuleInfo.readModuleAttribute(I)V @ 1029 c2
Event: 30414.270 Thread 0x00007f7d60099800 DEOPT PACKING pc=0x00007f7df75dbcdc sp=0x00007f7d84b7e1a0
Event: 30414.270 Thread 0x00007f7d60099800 DEOPT UNPACKING pc=0x00007f7def4211a5 sp=0x00007f7d84b7e148 mode 2
Event: 30414.270 Thread 0x00007f7d60099800 Uncommon trap: trap_request=0xffffffd6 fr.pc=0x00007f7df75dbcdc relative=0x0000000000006f7c
Event: 30414.270 Thread 0x00007f7d60099800 Uncommon trap: reason=array_check action=maybe_recompile pc=0x00007f7df75dbcdc method=org.eclipse.jdt.internal.compiler.classfmt.ModuleInfo.readModuleAttribute(I)V @ 1029 c2
Event: 30414.270 Thread 0x00007f7d60099800 DEOPT PACKING pc=0x00007f7df75dbcdc sp=0x00007f7d84b7e1a0
Event: 30414.270 Thread 0x00007f7d60099800 DEOPT UNPACKING pc=0x00007f7def4211a5 sp=0x00007f7d84b7e148 mode 2
Event: 30414.280 Thread 0x00007f7d60099800 Uncommon trap: trap_request=0xffffff4d fr.pc=0x00007f7df70a13a0 relative=0x0000000000000340
Event: 30414.280 Thread 0x00007f7d60099800 Uncommon trap: reason=unstable_if action=reinterpret pc=0x00007f7df70a13a0 method=java.lang.ThreadLocal$ThreadLocalMap.set(Ljava/lang/ThreadLocal;Ljava/lang/Object;)V @ 119 c2
Event: 30414.280 Thread 0x00007f7d60099800 DEOPT PACKING pc=0x00007f7df70a13a0 sp=0x00007f7d84b7e310
Event: 30414.280 Thread 0x00007f7d60099800 DEOPT UNPACKING pc=0x00007f7def4211a5 sp=0x00007f7d84b7e2b0 mode 2

Classes redefined (0 events):
No events

Internal exceptions (20 events):
Event: 11949.118 Thread 0x00007f7d5c09e800 Exception <a 'java/lang/ArrayIndexOutOfBoundsException'{0x00000000eb963938}> (0x00000000eb963938) thrown at [./src/hotspot/share/runtime/sharedRuntime.cpp, line 584]
Event: 11949.130 Thread 0x00007f7d5c09e800 Exception <a 'java/lang/ArrayIndexOutOfBoundsException'{0x00000000ebf41658}> (0x00000000ebf41658) thrown at [./src/hotspot/share/runtime/sharedRuntime.cpp, line 584]
Event: 11949.130 Thread 0x00007f7d5c09e800 Exception <a 'java/lang/ArrayIndexOutOfBoundsException'{0x00000000ebf5cb38}> (0x00000000ebf5cb38) thrown at [./src/hotspot/share/runtime/sharedRuntime.cpp, line 584]
Event: 11949.134 Thread 0x00007f7d5c09e800 Exception <a 'java/lang/ArrayIndexOutOfBoundsException'{0x00000000ec238c00}> (0x00000000ec238c00) thrown at [./src/hotspot/share/runtime/sharedRuntime.cpp, line 584]
Event: 11949.158 Thread 0x00007f7d5c09e800 Exception <a 'java/lang/ArrayIndexOutOfBoundsException'{0x00000000eb2c7c60}> (0x00000000eb2c7c60) thrown at [./src/hotspot/share/runtime/sharedRuntime.cpp, line 584]
Event: 11949.161 Thread 0x00007f7d5c09e800 Exception <a 'java/lang/ArrayIndexOutOfBoundsException'{0x00000000eb646758}> (0x00000000eb646758) thrown at [./src/hotspot/share/runtime/sharedRuntime.cpp, line 584]
Event: 11949.164 Thread 0x00007f7d5c09e800 Exception <a 'java/lang/ArrayIndexOutOfBoundsException'{0x00000000eb917df0}> (0x00000000eb917df0) thrown at [./src/hotspot/share/runtime/sharedRuntime.cpp, line 584]
Event: 11949.169 Thread 0x00007f7d5c09e800 Exception <a 'java/lang/ArrayIndexOutOfBoundsException'{0x00000000ebd11e28}> (0x00000000ebd11e28) thrown at [./src/hotspot/share/runtime/sharedRuntime.cpp, line 584]
Event: 11949.176 Thread 0x00007f7d5c09e800 Exception <a 'java/lang/ArrayIndexOutOfBoundsException'{0x00000000ec0060c8}> (0x00000000ec0060c8) thrown at [./src/hotspot/share/runtime/sharedRuntime.cpp, line 584]
Event: 11949.179 Thread 0x00007f7d5c09e800 Exception <a 'java/lang/ArrayIndexOutOfBoundsException'{0x00000000ec20a7a0}> (0x00000000ec20a7a0) thrown at [./src/hotspot/share/runtime/sharedRuntime.cpp, line 584]
Event: 11949.190 Thread 0x00007f7d5c09e800 Exception <a 'java/lang/ArrayIndexOutOfBoundsException'{0x00000000ec3a93e0}> (0x00000000ec3a93e0) thrown at [./src/hotspot/share/runtime/sharedRuntime.cpp, line 584]
Event: 11949.193 Thread 0x00007f7d5c09e800 Exception <a 'java/lang/ArrayIndexOutOfBoundsException'{0x00000000ec44d4c8}> (0x00000000ec44d4c8) thrown at [./src/hotspot/share/runtime/sharedRuntime.cpp, line 584]
Event: 11949.199 Thread 0x00007f7d5c09e800 Exception <a 'java/lang/ArrayIndexOutOfBoundsException'{0x00000000ec532530}> (0x00000000ec532530) thrown at [./src/hotspot/share/runtime/sharedRuntime.cpp, line 584]
Event: 11949.214 Thread 0x00007f7d5c09e800 Exception <a 'java/lang/ArrayIndexOutOfBoundsException'{0x00000000eab5bc78}> (0x00000000eab5bc78) thrown at [./src/hotspot/share/runtime/sharedRuntime.cpp, line 584]
Event: 11949.221 Thread 0x00007f7d5c09e800 Exception <a 'java/lang/ArrayIndexOutOfBoundsException'{0x00000000eac24fc0}> (0x00000000eac24fc0) thrown at [./src/hotspot/share/runtime/sharedRuntime.cpp, line 584]
Event: 11949.225 Thread 0x00007f7d5c09e800 Exception <a 'java/lang/ArrayIndexOutOfBoundsException'{0x00000000eacce450}> (0x00000000eacce450) thrown at [./src/hotspot/share/runtime/sharedRuntime.cpp, line 584]
Event: 30403.436 Thread 0x00007f7d40011000 Exception <a 'java/lang/ArrayIndexOutOfBoundsException'{0x00000000eb7d3da0}> (0x00000000eb7d3da0) thrown at [./src/hotspot/share/runtime/sharedRuntime.cpp, line 584]
Event: 30403.437 Thread 0x00007f7d40011000 Exception <a 'java/lang/ArrayIndexOutOfBoundsException'{0x00000000eb7d40c0}> (0x00000000eb7d40c0) thrown at [./src/hotspot/share/runtime/sharedRuntime.cpp, line 584]
Event: 30404.057 Thread 0x00007f7d60099800 Implicit null exception at 0x00007f7df7316f30 to 0x00007f7df731de68
Event: 30404.403 Thread 0x00007f7d5c09e800 Implicit null exception at 0x00007f7df70e7069 to 0x00007f7df70e754c

Events (20 events):
Event: 30404.382 Executing VM operation: ParallelGCFailedAllocation done
Event: 30404.435 Executing VM operation: ParallelGCFailedAllocation
Event: 30404.439 Executing VM operation: ParallelGCFailedAllocation done
Event: 30404.468 Executing VM operation: ParallelGCFailedAllocation
Event: 30404.471 Executing VM operation: ParallelGCFailedAllocation done
Event: 30404.499 Executing VM operation: ParallelGCFailedAllocation
Event: 30404.506 Executing VM operation: ParallelGCFailedAllocation done
Event: 30404.535 Executing VM operation: ParallelGCFailedAllocation
Event: 30404.539 Executing VM operation: ParallelGCFailedAllocation done
Event: 30409.577 Thread 0x00007f7dc8d60800 Thread exited: 0x00007f7dc8d60800
Event: 30414.204 Executing VM operation: RevokeBias
Event: 30414.204 Executing VM operation: RevokeBias done
Event: 30414.205 Thread 0x00007f7dc81bb000 Thread exited: 0x00007f7dc81bb000
Event: 30414.209 Executing VM operation: ParallelGCFailedAllocation
Event: 30414.215 Executing VM operation: ParallelGCFailedAllocation done
Event: 30414.242 Executing VM operation: ParallelGCFailedAllocation
Event: 30414.246 Executing VM operation: ParallelGCFailedAllocation done
Event: 30414.335 Thread 0x00007f7dc820c000 Thread added: 0x00007f7dc820c000
Event: 30414.335 Protecting memory [0x00007f7d8487e000,0x00007f7d84882000] with protection modes 0
Event: 30414.371 Executing VM operation: ParallelGCFailedAllocation


Dynamic libraries:
c0000000-cad80000 rw-p 00000000 00:00 0 
cad80000-eab00000 ---p 00000000 00:00 0 
eab00000-ed280000 rw-p 00000000 00:00 0 
ed280000-100000000 ---p 00000000 00:00 0 
800000000-800002000 rwxp 00001000 08:10 56631                            /usr/lib/jvm/java-11-openjdk-amd64/lib/server/classes.jsa
800002000-8010a5000 rw-p 00003000 08:10 56631                            /usr/lib/jvm/java-11-openjdk-amd64/lib/server/classes.jsa
840000000-8407fe000 rw-p 00000000 00:00 0 
8407fe000-880000000 ---p 00000000 00:00 0 
56199879b000-56199879c000 r-xp 00000000 08:10 56215                      /usr/lib/jvm/java-11-openjdk-amd64/bin/java
56199899c000-56199899d000 r--p 00001000 08:10 56215                      /usr/lib/jvm/java-11-openjdk-amd64/bin/java
56199899d000-56199899e000 rw-p 00002000 08:10 56215                      /usr/lib/jvm/java-11-openjdk-amd64/bin/java
561998d64000-561998d85000 rw-p 00000000 00:00 0                          [heap]
7f7d14000000-7f7d14021000 rw-p 00000000 00:00 0 
7f7d14021000-7f7d18000000 ---p 00000000 00:00 0 
7f7d1c000000-7f7d1daf7000 rw-p 00000000 00:00 0 
7f7d1daf7000-7f7d20000000 ---p 00000000 00:00 0 
7f7d20000000-7f7d20892000 rw-p 00000000 00:00 0 
7f7d20892000-7f7d24000000 ---p 00000000 00:00 0 
7f7d24000000-7f7d24f22000 rw-p 00000000 00:00 0 
7f7d24f22000-7f7d28000000 ---p 00000000 00:00 0 
7f7d28000000-7f7d28021000 rw-p 00000000 00:00 0 
7f7d28021000-7f7d2c000000 ---p 00000000 00:00 0 
7f7d2c000000-7f7d2d670000 rw-p 00000000 00:00 0 
7f7d2d670000-7f7d30000000 ---p 00000000 00:00 0 
7f7d30000000-7f7d31376000 rw-p 00000000 00:00 0 
7f7d31376000-7f7d34000000 ---p 00000000 00:00 0 
7f7d34000000-7f7d34021000 rw-p 00000000 00:00 0 
7f7d34021000-7f7d38000000 ---p 00000000 00:00 0 
7f7d38000000-7f7d39260000 rw-p 00000000 00:00 0 
7f7d39260000-7f7d3c000000 ---p 00000000 00:00 0 
7f7d3c000000-7f7d3c0b6000 rw-p 00000000 00:00 0 
7f7d3c0b6000-7f7d40000000 ---p 00000000 00:00 0 
7f7d40000000-7f7d411fe000 rw-p 00000000 00:00 0 
7f7d411fe000-7f7d44000000 ---p 00000000 00:00 0 
7f7d44000000-7f7d47ed4000 rw-p 00000000 00:00 0 
7f7d47ed4000-7f7d48000000 ---p 00000000 00:00 0 
7f7d4a499000-7f7d4a559000 rw-p 00000000 00:00 0 
7f7d4a559000-7f7d4a699000 ---p 00000000 00:00 0 
7f7d4a699000-7f7d4a899000 rw-p 00000000 00:00 0 
7f7d4a899000-7f7d4aa99000 rw-p 00000000 00:00 0 
7f7d4aa99000-7f7d4ac99000 rw-p 00000000 00:00 0 
7f7d4ac99000-7f7d4ae99000 rw-p 00000000 00:00 0 
7f7d4ae99000-7f7d4b099000 rw-p 00000000 00:00 0 
7f7d4b099000-7f7d4b299000 rw-p 00000000 00:00 0 
7f7d4b299000-7f7d4b499000 rw-p 00000000 00:00 0 
7f7d4b499000-7f7d4b699000 rw-p 00000000 00:00 0 
7f7d4b699000-7f7d4b899000 rw-p 00000000 00:00 0 
7f7d4b899000-7f7d54000000 r--s 00000000 08:10 56444                      /usr/lib/jvm/java-11-openjdk-amd64/lib/modules
7f7d54000000-7f7d5566f000 rw-p 00000000 00:00 0 
7f7d5566f000-7f7d58000000 ---p 00000000 00:00 0 
7f7d58000000-7f7d58353000 rw-p 00000000 00:00 0 
7f7d58353000-7f7d5c000000 ---p 00000000 00:00 0 
7f7d5c000000-7f7d5c103000 rw-p 00000000 00:00 0 
7f7d5c103000-7f7d60000000 ---p 00000000 00:00 0 
7f7d60000000-7f7d62011000 rw-p 00000000 00:00 0 
7f7d62011000-7f7d64000000 ---p 00000000 00:00 0 
7f7d64000000-7f7d64021000 rw-p 00000000 00:00 0 
7f7d64021000-7f7d68000000 ---p 00000000 00:00 0 
7f7d68000000-7f7d68080000 rw-p 00000000 00:00 0 
7f7d68080000-7f7d6c000000 ---p 00000000 00:00 0 
7f7d6c000000-7f7d6da92000 rw-p 00000000 00:00 0 
7f7d6da92000-7f7d70000000 ---p 00000000 00:00 0 
7f7d70000000-7f7d70110000 rw-p 00000000 00:00 0 
7f7d70110000-7f7d74000000 ---p 00000000 00:00 0 
7f7d74000000-7f7d74021000 rw-p 00000000 00:00 0 
7f7d74021000-7f7d78000000 ---p 00000000 00:00 0 
7f7d78000000-7f7d78021000 rw-p 00000000 00:00 0 
7f7d78021000-7f7d7c000000 ---p 00000000 00:00 0 
7f7d7c000000-7f7d7c021000 rw-p 00000000 00:00 0 
7f7d7c021000-7f7d80000000 ---p 00000000 00:00 0 
7f7d80000000-7f7d80021000 rw-p 00000000 00:00 0 
7f7d80021000-7f7d84000000 ---p 00000000 00:00 0 
7f7d8407c000-7f7d84080000 ---p 00000000 00:00 0 
7f7d84080000-7f7d8437d000 rw-p 00000000 00:00 0 
7f7d8437d000-7f7d8457d000 rw-p 00000000 00:00 0 
7f7d8457d000-7f7d8477d000 rw-p 00000000 00:00 0 
7f7d8477d000-7f7d84781000 ---p 00000000 00:00 0 
7f7d84781000-7f7d8487e000 rw-p 00000000 00:00 0 
7f7d8487e000-7f7d84882000 ---p 00000000 00:00 0 
7f7d84882000-7f7d8497f000 rw-p 00000000 00:00 0 
7f7d8497f000-7f7d84983000 ---p 00000000 00:00 0 
7f7d84983000-7f7d84a80000 rw-p 00000000 00:00 0 
7f7d84a80000-7f7d84a84000 ---p 00000000 00:00 0 
7f7d84a84000-7f7d84b81000 rw-p 00000000 00:00 0 
7f7d84b81000-7f7d84b85000 ---p 00000000 00:00 0 
7f7d84b85000-7f7d84c82000 rw-p 00000000 00:00 0 
7f7d84c82000-7f7d84c86000 ---p 00000000 00:00 0 
7f7d84c86000-7f7d84d83000 rw-p 00000000 00:00 0 
7f7d84d83000-7f7d84d87000 ---p 00000000 00:00 0 
7f7d84d87000-7f7d84e84000 rw-p 00000000 00:00 0 
7f7d84e84000-7f7d84e88000 ---p 00000000 00:00 0 
7f7d84e88000-7f7d84f85000 rw-p 00000000 00:00 0 
7f7d84f85000-7f7d84f89000 ---p 00000000 00:00 0 
7f7d84f89000-7f7d85286000 rw-p 00000000 00:00 0 
7f7d85286000-7f7d85486000 rw-p 00000000 00:00 0 
7f7d85486000-7f7d85686000 rw-p 00000000 00:00 0 
7f7d85686000-7f7d85886000 rw-p 00000000 00:00 0 
7f7d85886000-7f7d8588a000 ---p 00000000 00:00 0 
7f7d8588a000-7f7d85b87000 rw-p 00000000 00:00 0 
7f7d85b87000-7f7d85b9e000 r-xp 00000000 08:10 63017                      /lib/x86_64-linux-gnu/libresolv-2.27.so
7f7d85b9e000-7f7d85d9d000 ---p 00017000 08:10 63017                      /lib/x86_64-linux-gnu/libresolv-2.27.so
7f7d85d9d000-7f7d85d9e000 r--p 00016000 08:10 63017                      /lib/x86_64-linux-gnu/libresolv-2.27.so
7f7d85d9e000-7f7d85d9f000 rw-p 00017000 08:10 63017                      /lib/x86_64-linux-gnu/libresolv-2.27.so
7f7d85d9f000-7f7d85da1000 rw-p 00000000 00:00 0 
7f7d85da1000-7f7d85da6000 r-xp 00000000 08:10 62975                      /lib/x86_64-linux-gnu/libnss_dns-2.27.so
7f7d85da6000-7f7d85fa6000 ---p 00005000 08:10 62975                      /lib/x86_64-linux-gnu/libnss_dns-2.27.so
7f7d85fa6000-7f7d85fa7000 r--p 00005000 08:10 62975                      /lib/x86_64-linux-gnu/libnss_dns-2.27.so
7f7d85fa7000-7f7d85fa8000 rw-p 00006000 08:10 62975                      /lib/x86_64-linux-gnu/libnss_dns-2.27.so
7f7d85fa8000-7f7d85faa000 r-xp 00000000 08:10 56415                      /usr/lib/jvm/java-11-openjdk-amd64/lib/libextnet.so
7f7d85faa000-7f7d861a9000 ---p 00002000 08:10 56415                      /usr/lib/jvm/java-11-openjdk-amd64/lib/libextnet.so
7f7d861a9000-7f7d861aa000 r--p 00001000 08:10 56415                      /usr/lib/jvm/java-11-openjdk-amd64/lib/libextnet.so
7f7d861aa000-7f7d861ab000 rw-p 00002000 08:10 56415                      /usr/lib/jvm/java-11-openjdk-amd64/lib/libextnet.so
7f7d861ab000-7f7d863ab000 rw-p 00000000 00:00 0 
7f7d863ab000-7f7d865ab000 rw-p 00000000 00:00 0 
7f7d865ab000-7f7d865d5000 r-xp 00000000 08:10 56440                      /usr/lib/jvm/java-11-openjdk-amd64/lib/libsunec.so
7f7d865d5000-7f7d867d4000 ---p 0002a000 08:10 56440                      /usr/lib/jvm/java-11-openjdk-amd64/lib/libsunec.so
7f7d867d4000-7f7d867d8000 r--p 00029000 08:10 56440                      /usr/lib/jvm/java-11-openjdk-amd64/lib/libsunec.so
7f7d867d8000-7f7d867da000 rw-p 0002d000 08:10 56440                      /usr/lib/jvm/java-11-openjdk-amd64/lib/libsunec.so
7f7d867da000-7f7d867de000 ---p 00000000 00:00 0 
7f7d867de000-7f7d868db000 rw-p 00000000 00:00 0 
7f7d868db000-7f7d868df000 ---p 00000000 00:00 0 
7f7d868df000-7f7d869dc000 rw-p 00000000 00:00 0 
7f7d869f3000-7f7d869f7000 ---p 00000000 00:00 0 
7f7d869f7000-7f7d86cf4000 rw-p 00000000 00:00 0 
7f7d86cf4000-7f7d86cf8000 ---p 00000000 00:00 0 
7f7d86cf8000-7f7d86df5000 rw-p 00000000 00:00 0 
7f7d86df5000-7f7d86df9000 ---p 00000000 00:00 0 
7f7d86df9000-7f7d870f6000 rw-p 00000000 00:00 0 
7f7d870f6000-7f7d872f6000 rw-p 00000000 00:00 0 
7f7d872f6000-7f7d874e2000 rw-p 00000000 00:00 0 
7f7d874e2000-7f7d874f6000 ---p 00000000 00:00 0 
7f7d874f6000-7f7d874fa000 ---p 00000000 00:00 0 
7f7d874fa000-7f7d875f7000 rw-p 00000000 00:00 0 
7f7d875f7000-7f7d875fb000 ---p 00000000 00:00 0 
7f7d875fb000-7f7d878f8000 rw-p 00000000 00:00 0 
7f7d878f8000-7f7d878fc000 ---p 00000000 00:00 0 
7f7d878fc000-7f7d87bf9000 rw-p 00000000 00:00 0 
7f7d87bf9000-7f7d87bfd000 ---p 00000000 00:00 0 
7f7d87bfd000-7f7d87cfa000 rw-p 00000000 00:00 0 
7f7d87cfa000-7f7d87cfb000 ---p 00000000 00:00 0 
7f7d87cfb000-7f7d87dfc000 rw-p 00000000 00:00 0 
7f7d87dfc000-7f7d87dfd000 ---p 00000000 00:00 0 
7f7d87dfd000-7f7d87efe000 rw-p 00000000 00:00 0 
7f7d87efe000-7f7d87eff000 ---p 00000000 00:00 0 
7f7d87eff000-7f7d88000000 rw-p 00000000 00:00 0 
7f7d88000000-7f7d88021000 rw-p 00000000 00:00 0 
7f7d88021000-7f7d8c000000 ---p 00000000 00:00 0 
7f7d8c000000-7f7d8d0c0000 rw-p 00000000 00:00 0 
7f7d8d0c0000-7f7d90000000 ---p 00000000 00:00 0 
7f7d90000000-7f7d90021000 rw-p 00000000 00:00 0 
7f7d90021000-7f7d94000000 ---p 00000000 00:00 0 
7f7d94000000-7f7d95086000 rw-p 00000000 00:00 0 
7f7d95086000-7f7d98000000 ---p 00000000 00:00 0 
7f7d98000000-7f7d98021000 rw-p 00000000 00:00 0 
7f7d98021000-7f7d9c000000 ---p 00000000 00:00 0 
7f7d9c000000-7f7d9c021000 rw-p 00000000 00:00 0 
7f7d9c021000-7f7da0000000 ---p 00000000 00:00 0 
7f7da0000000-7f7da0021000 rw-p 00000000 00:00 0 
7f7da0021000-7f7da4000000 ---p 00000000 00:00 0 
7f7da4000000-7f7da48bb000 rw-p 00000000 00:00 0 
7f7da48bb000-7f7da8000000 ---p 00000000 00:00 0 
7f7da8000000-7f7da8273000 rw-p 00000000 00:00 0 
7f7da8273000-7f7dac000000 ---p 00000000 00:00 0 
7f7dac000000-7f7dac021000 rw-p 00000000 00:00 0 
7f7dac021000-7f7db0000000 ---p 00000000 00:00 0 
7f7db0000000-7f7db036b000 rw-p 00000000 00:00 0 
7f7db036b000-7f7db4000000 ---p 00000000 00:00 0 
7f7db4000000-7f7db406b000 rw-p 00000000 00:00 0 
7f7db406b000-7f7db8000000 ---p 00000000 00:00 0 
7f7db8000000-7f7db8021000 rw-p 00000000 00:00 0 
7f7db8021000-7f7dbc000000 ---p 00000000 00:00 0 
7f7dbc000000-7f7dbc021000 rw-p 00000000 00:00 0 
7f7dbc021000-7f7dc0000000 ---p 00000000 00:00 0 
7f7dc0000000-7f7dc0021000 rw-p 00000000 00:00 0 
7f7dc0021000-7f7dc4000000 ---p 00000000 00:00 0 
7f7dc4000000-7f7dc47b7000 rw-p 00000000 00:00 0 
7f7dc47b7000-7f7dc8000000 ---p 00000000 00:00 0 
7f7dc8000000-7f7dc8de1000 rw-p 00000000 00:00 0 
7f7dc8de1000-7f7dcc000000 ---p 00000000 00:00 0 
7f7dcc000000-7f7dcc1a1000 rw-p 00000000 00:00 0 
7f7dcc1a1000-7f7dd0000000 ---p 00000000 00:00 0 
7f7dd0000000-7f7dd0021000 rw-p 00000000 00:00 0 
7f7dd0021000-7f7dd4000000 ---p 00000000 00:00 0 
7f7dd4000000-7f7dd65bd000 rw-p 00000000 00:00 0 
7f7dd65bd000-7f7dd8000000 ---p 00000000 00:00 0 
7f7dd8000000-7f7dd8021000 rw-p 00000000 00:00 0 
7f7dd8021000-7f7ddc000000 ---p 00000000 00:00 0 
7f7ddc000000-7f7ddc021000 rw-p 00000000 00:00 0 
7f7ddc021000-7f7de0000000 ---p 00000000 00:00 0 
7f7de0000000-7f7de014d000 rw-p 00000000 00:00 0 
7f7de014d000-7f7de4000000 ---p 00000000 00:00 0 
7f7de40f1000-7f7de40f2000 ---p 00000000 00:00 0 
7f7de40f2000-7f7de41f3000 rw-p 00000000 00:00 0 
7f7de41f3000-7f7de41f7000 ---p 00000000 00:00 0 
7f7de41f7000-7f7de44f4000 rw-p 00000000 00:00 0 
7f7de44f4000-7f7de44f8000 ---p 00000000 00:00 0 
7f7de44f8000-7f7de45f5000 rw-p 00000000 00:00 0 
7f7de45f5000-7f7de45f9000 ---p 00000000 00:00 0 
7f7de45f9000-7f7de48f6000 rw-p 00000000 00:00 0 
7f7de48f6000-7f7de4af6000 rw-p 00000000 00:00 0 
7f7de4af6000-7f7de4afa000 ---p 00000000 00:00 0 
7f7de4afa000-7f7de4bf7000 rw-p 00000000 00:00 0 
7f7de4bf7000-7f7de4bf8000 ---p 00000000 00:00 0 
7f7de4bf8000-7f7de4cf9000 rw-p 00000000 00:00 0 
7f7de4cf9000-7f7de4cfa000 ---p 00000000 00:00 0 
7f7de4cfa000-7f7de4dfb000 rw-p 00000000 00:00 0 
7f7de4dfb000-7f7de4e0b000 r-xp 00000000 08:10 299283                     /home/racecar/.vscode-server/data/User/globalStorage/redhat.java/0.76.0/config_linux/org.eclipse.equinox.launcher/org.eclipse.equinox.launcher.gtk.linux.x86_64_1.2.100.v20210209-1541/eclipse_11301.so
7f7de4e0b000-7f7de500a000 ---p 00010000 08:10 299283                     /home/racecar/.vscode-server/data/User/globalStorage/redhat.java/0.76.0/config_linux/org.eclipse.equinox.launcher/org.eclipse.equinox.launcher.gtk.linux.x86_64_1.2.100.v20210209-1541/eclipse_11301.so
7f7de500a000-7f7de500b000 r--p 0000f000 08:10 299283                     /home/racecar/.vscode-server/data/User/globalStorage/redhat.java/0.76.0/config_linux/org.eclipse.equinox.launcher/org.eclipse.equinox.launcher.gtk.linux.x86_64_1.2.100.v20210209-1541/eclipse_11301.so
7f7de500b000-7f7de500c000 rw-p 00010000 08:10 299283                     /home/racecar/.vscode-server/data/User/globalStorage/redhat.java/0.76.0/config_linux/org.eclipse.equinox.launcher/org.eclipse.equinox.launcher.gtk.linux.x86_64_1.2.100.v20210209-1541/eclipse_11301.so
7f7de500c000-7f7de5010000 ---p 00000000 00:00 0 
7f7de5010000-7f7de510d000 rw-p 00000000 00:00 0 
7f7de510d000-7f7de5111000 ---p 00000000 00:00 0 
7f7de5111000-7f7de520e000 rw-p 00000000 00:00 0 
7f7de520e000-7f7de5212000 ---p 00000000 00:00 0 
7f7de5212000-7f7de530f000 rw-p 00000000 00:00 0 
7f7de530f000-7f7de5310000 ---p 00000000 00:00 0 
7f7de5310000-7f7de5411000 rw-p 00000000 00:00 0 
7f7de54fd000-7f7de5501000 ---p 00000000 00:00 0 
7f7de5501000-7f7de55fe000 rw-p 00000000 00:00 0 
7f7de56a6000-7f7de56a7000 ---p 00000000 00:00 0 
7f7de56a7000-7f7de57a8000 rw-p 00000000 00:00 0 
7f7de57a8000-7f7de57ac000 ---p 00000000 00:00 0 
7f7de57ac000-7f7de58a9000 rw-p 00000000 00:00 0 
7f7de58a9000-7f7de58bf000 r-xp 00000000 08:10 56434                      /usr/lib/jvm/java-11-openjdk-amd64/lib/libnet.so
7f7de58bf000-7f7de5abe000 ---p 00016000 08:10 56434                      /usr/lib/jvm/java-11-openjdk-amd64/lib/libnet.so
7f7de5abe000-7f7de5abf000 r--p 00015000 08:10 56434                      /usr/lib/jvm/java-11-openjdk-amd64/lib/libnet.so
7f7de5abf000-7f7de5ac0000 rw-p 00016000 08:10 56434                      /usr/lib/jvm/java-11-openjdk-amd64/lib/libnet.so
7f7de5ac0000-7f7de5ad0000 r-xp 00000000 08:10 56435                      /usr/lib/jvm/java-11-openjdk-amd64/lib/libnio.so
7f7de5ad0000-7f7de5ccf000 ---p 00010000 08:10 56435                      /usr/lib/jvm/java-11-openjdk-amd64/lib/libnio.so
7f7de5ccf000-7f7de5cd0000 r--p 0000f000 08:10 56435                      /usr/lib/jvm/java-11-openjdk-amd64/lib/libnio.so
7f7de5cd0000-7f7de5cd1000 rw-p 00010000 08:10 56435                      /usr/lib/jvm/java-11-openjdk-amd64/lib/libnio.so
7f7de5cd1000-7f7de5cd5000 ---p 00000000 00:00 0 
7f7de5cd5000-7f7de5dd2000 rw-p 00000000 00:00 0 
7f7de5dd2000-7f7de5dd6000 ---p 00000000 00:00 0 
7f7de5dd6000-7f7de5ed3000 rw-p 00000000 00:00 0 
7f7de5ed3000-7f7de5ed7000 ---p 00000000 00:00 0 
7f7de5ed7000-7f7de5fd4000 rw-p 00000000 00:00 0 
7f7de5fd4000-7f7de5fd8000 ---p 00000000 00:00 0 
7f7de5fd8000-7f7de60d5000 rw-p 00000000 00:00 0 
7f7de60d5000-7f7de60d9000 ---p 00000000 00:00 0 
7f7de60d9000-7f7de61d6000 rw-p 00000000 00:00 0 
7f7de61d6000-7f7de61da000 ---p 00000000 00:00 0 
7f7de61da000-7f7de62d7000 rw-p 00000000 00:00 0 
7f7de62d7000-7f7de644a000 r--p 00000000 08:10 56091                      /usr/lib/locale/C.UTF-8/LC_COLLATE
7f7de644a000-7f7de65e5000 r--p 00000000 08:10 56089                      /usr/lib/locale/locale-archive
7f7de65e5000-7f7de65e9000 ---p 00000000 00:00 0 
7f7de65e9000-7f7de66e6000 rw-p 00000000 00:00 0 
7f7de66e6000-7f7de66ea000 ---p 00000000 00:00 0 
7f7de66ea000-7f7de67e7000 rw-p 00000000 00:00 0 
7f7de67e7000-7f7de67e8000 ---p 00000000 00:00 0 
7f7de67e8000-7f7de8000000 rw-p 00000000 00:00 0 
7f7de8000000-7f7de8021000 rw-p 00000000 00:00 0 
7f7de8021000-7f7dec000000 ---p 00000000 00:00 0 
7f7dec0b3000-7f7deeeb7000 rw-p 00000000 00:00 0 
7f7deeeb7000-7f7deeeb8000 ---p 00000000 00:00 0 
7f7deeeb8000-7f7def010000 rw-p 00000000 00:00 0 
7f7def010000-7f7def10f000 ---p 00000000 00:00 0 
7f7def10f000-7f7def166000 rw-p 00000000 00:00 0 
7f7def166000-7f7def264000 ---p 00000000 00:00 0 
7f7def264000-7f7def279000 rw-p 00000000 00:00 0 
7f7def279000-7f7def30f000 ---p 00000000 00:00 0 
7f7def30f000-7f7def321000 rw-p 00000000 00:00 0 
7f7def321000-7f7def3fb000 ---p 00000000 00:00 0 
7f7def3fb000-7f7def66b000 rwxp 00000000 00:00 0 
7f7def66b000-7f7def98c000 ---p 00000000 00:00 0 
7f7def98c000-7f7df141c000 rwxp 00000000 00:00 0 
7f7df141c000-7f7df6ec3000 ---p 00000000 00:00 0 
7f7df6ec3000-7f7df7723000 rwxp 00000000 00:00 0 
7f7df7723000-7f7dfe3fb000 ---p 00000000 00:00 0 
7f7dfe3fb000-7f7dfe402000 r-xp 00000000 08:10 56443                      /usr/lib/jvm/java-11-openjdk-amd64/lib/libzip.so
7f7dfe402000-7f7dfe601000 ---p 00007000 08:10 56443                      /usr/lib/jvm/java-11-openjdk-amd64/lib/libzip.so
7f7dfe601000-7f7dfe602000 r--p 00006000 08:10 56443                      /usr/lib/jvm/java-11-openjdk-amd64/lib/libzip.so
7f7dfe602000-7f7dfe603000 rw-p 00007000 08:10 56443                      /usr/lib/jvm/java-11-openjdk-amd64/lib/libzip.so
7f7dfe603000-7f7dfe60e000 r-xp 00000000 08:10 62977                      /lib/x86_64-linux-gnu/libnss_files-2.27.so
7f7dfe60e000-7f7dfe80d000 ---p 0000b000 08:10 62977                      /lib/x86_64-linux-gnu/libnss_files-2.27.so
7f7dfe80d000-7f7dfe80e000 r--p 0000a000 08:10 62977                      /lib/x86_64-linux-gnu/libnss_files-2.27.so
7f7dfe80e000-7f7dfe80f000 rw-p 0000b000 08:10 62977                      /lib/x86_64-linux-gnu/libnss_files-2.27.so
7f7dfe80f000-7f7dfe815000 rw-p 00000000 00:00 0 
7f7dfe815000-7f7dfe82c000 r-xp 00000000 08:10 62971                      /lib/x86_64-linux-gnu/libnsl-2.27.so
7f7dfe82c000-7f7dfea2b000 ---p 00017000 08:10 62971                      /lib/x86_64-linux-gnu/libnsl-2.27.so
7f7dfea2b000-7f7dfea2c000 r--p 00016000 08:10 62971                      /lib/x86_64-linux-gnu/libnsl-2.27.so
7f7dfea2c000-7f7dfea2d000 rw-p 00017000 08:10 62971                      /lib/x86_64-linux-gnu/libnsl-2.27.so
7f7dfea2d000-7f7dfea2f000 rw-p 00000000 00:00 0 
7f7dfea2f000-7f7dfea3a000 r-xp 00000000 08:10 62981                      /lib/x86_64-linux-gnu/libnss_nis-2.27.so
7f7dfea3a000-7f7dfec39000 ---p 0000b000 08:10 62981                      /lib/x86_64-linux-gnu/libnss_nis-2.27.so
7f7dfec39000-7f7dfec3a000 r--p 0000a000 08:10 62981                      /lib/x86_64-linux-gnu/libnss_nis-2.27.so
7f7dfec3a000-7f7dfec3b000 rw-p 0000b000 08:10 62981                      /lib/x86_64-linux-gnu/libnss_nis-2.27.so
7f7dfec3b000-7f7dfec43000 r-xp 00000000 08:10 62973                      /lib/x86_64-linux-gnu/libnss_compat-2.27.so
7f7dfec43000-7f7dfee43000 ---p 00008000 08:10 62973                      /lib/x86_64-linux-gnu/libnss_compat-2.27.so
7f7dfee43000-7f7dfee44000 r--p 00008000 08:10 62973                      /lib/x86_64-linux-gnu/libnss_compat-2.27.so
7f7dfee44000-7f7dfee45000 rw-p 00009000 08:10 62973                      /lib/x86_64-linux-gnu/libnss_compat-2.27.so
7f7dfee45000-7f7dfee4f000 r-xp 00000000 08:10 56417                      /usr/lib/jvm/java-11-openjdk-amd64/lib/libinstrument.so
7f7dfee4f000-7f7dff04e000 ---p 0000a000 08:10 56417                      /usr/lib/jvm/java-11-openjdk-amd64/lib/libinstrument.so
7f7dff04e000-7f7dff04f000 r--p 00009000 08:10 56417                      /usr/lib/jvm/java-11-openjdk-amd64/lib/libinstrument.so
7f7dff04f000-7f7dff050000 rw-p 0000a000 08:10 56417                      /usr/lib/jvm/java-11-openjdk-amd64/lib/libinstrument.so
7f7dff050000-7f7e077b7000 r--s 00000000 08:10 56444                      /usr/lib/jvm/java-11-openjdk-amd64/lib/modules
7f7e077b7000-7f7e077bc000 r-xp 00000000 08:10 56426                      /usr/lib/jvm/java-11-openjdk-amd64/lib/libjimage.so
7f7e077bc000-7f7e079bb000 ---p 00005000 08:10 56426                      /usr/lib/jvm/java-11-openjdk-amd64/lib/libjimage.so
7f7e079bb000-7f7e079bc000 r--p 00004000 08:10 56426                      /usr/lib/jvm/java-11-openjdk-amd64/lib/libjimage.so
7f7e079bc000-7f7e079bd000 rw-p 00005000 08:10 56426                      /usr/lib/jvm/java-11-openjdk-amd64/lib/libjimage.so
7f7e079bd000-7f7e079e6000 r-xp 00000000 08:10 56422                      /usr/lib/jvm/java-11-openjdk-amd64/lib/libjava.so
7f7e079e6000-7f7e07be6000 ---p 00029000 08:10 56422                      /usr/lib/jvm/java-11-openjdk-amd64/lib/libjava.so
7f7e07be6000-7f7e07be7000 r--p 00029000 08:10 56422                      /usr/lib/jvm/java-11-openjdk-amd64/lib/libjava.so
7f7e07be7000-7f7e07be8000 rw-p 0002a000 08:10 56422                      /usr/lib/jvm/java-11-openjdk-amd64/lib/libjava.so
7f7e07be8000-7f7e07be9000 rw-p 00000000 00:00 0 
7f7e07be9000-7f7e07bf6000 r-xp 00000000 08:10 56442                      /usr/lib/jvm/java-11-openjdk-amd64/lib/libverify.so
7f7e07bf6000-7f7e07df5000 ---p 0000d000 08:10 56442                      /usr/lib/jvm/java-11-openjdk-amd64/lib/libverify.so
7f7e07df5000-7f7e07df7000 r--p 0000c000 08:10 56442                      /usr/lib/jvm/java-11-openjdk-amd64/lib/libverify.so
7f7e07df7000-7f7e07df8000 rw-p 0000e000 08:10 56442                      /usr/lib/jvm/java-11-openjdk-amd64/lib/libverify.so
7f7e07df8000-7f7e07dff000 r-xp 00000000 08:10 63019                      /lib/x86_64-linux-gnu/librt-2.27.so
7f7e07dff000-7f7e07ffe000 ---p 00007000 08:10 63019                      /lib/x86_64-linux-gnu/librt-2.27.so
7f7e07ffe000-7f7e07fff000 r--p 00006000 08:10 63019                      /lib/x86_64-linux-gnu/librt-2.27.so
7f7e07fff000-7f7e08000000 rw-p 00007000 08:10 63019                      /lib/x86_64-linux-gnu/librt-2.27.so
7f7e08000000-7f7e085c4000 rw-p 00000000 00:00 0 
7f7e085c4000-7f7e0c000000 ---p 00000000 00:00 0 
7f7e0c016000-7f7e0c01a000 ---p 00000000 00:00 0 
7f7e0c01a000-7f7e0c0ef000 rw-p 00000000 00:00 0 
7f7e0c0ef000-7f7e0c1a4000 ---p 00000000 00:00 0 
7f7e0c1a4000-7f7e0c1bb000 r-xp 00000000 08:10 62928                      /lib/x86_64-linux-gnu/libgcc_s.so.1
7f7e0c1bb000-7f7e0c3ba000 ---p 00017000 08:10 62928                      /lib/x86_64-linux-gnu/libgcc_s.so.1
7f7e0c3ba000-7f7e0c3bb000 r--p 00016000 08:10 62928                      /lib/x86_64-linux-gnu/libgcc_s.so.1
7f7e0c3bb000-7f7e0c3bc000 rw-p 00017000 08:10 62928                      /lib/x86_64-linux-gnu/libgcc_s.so.1
7f7e0c3bc000-7f7e0c559000 r-xp 00000000 08:10 62954                      /lib/x86_64-linux-gnu/libm-2.27.so
7f7e0c559000-7f7e0c758000 ---p 0019d000 08:10 62954                      /lib/x86_64-linux-gnu/libm-2.27.so
7f7e0c758000-7f7e0c759000 r--p 0019c000 08:10 62954                      /lib/x86_64-linux-gnu/libm-2.27.so
7f7e0c759000-7f7e0c75a000 rw-p 0019d000 08:10 62954                      /lib/x86_64-linux-gnu/libm-2.27.so
7f7e0c75a000-7f7e0c8d3000 r-xp 00000000 08:10 46356                      /usr/lib/x86_64-linux-gnu/libstdc++.so.6.0.25
7f7e0c8d3000-7f7e0cad3000 ---p 00179000 08:10 46356                      /usr/lib/x86_64-linux-gnu/libstdc++.so.6.0.25
7f7e0cad3000-7f7e0cadd000 r--p 00179000 08:10 46356                      /usr/lib/x86_64-linux-gnu/libstdc++.so.6.0.25
7f7e0cadd000-7f7e0cadf000 rw-p 00183000 08:10 46356                      /usr/lib/x86_64-linux-gnu/libstdc++.so.6.0.25
7f7e0cadf000-7f7e0cae3000 rw-p 00000000 00:00 0 
7f7e0cae3000-7f7e0dcd4000 r-xp 00000000 08:10 56449                      /usr/lib/jvm/java-11-openjdk-amd64/lib/server/libjvm.so
7f7e0dcd4000-7f7e0ded3000 ---p 011f1000 08:10 56449                      /usr/lib/jvm/java-11-openjdk-amd64/lib/server/libjvm.so
7f7e0ded3000-7f7e0df94000 r--p 011f0000 08:10 56449                      /usr/lib/jvm/java-11-openjdk-amd64/lib/server/libjvm.so
7f7e0df94000-7f7e0dfcf000 rw-p 012b1000 08:10 56449                      /usr/lib/jvm/java-11-openjdk-amd64/lib/server/libjvm.so
7f7e0dfcf000-7f7e0e026000 rw-p 00000000 00:00 0 
7f7e0e026000-7f7e0e040000 r-xp 00000000 08:10 63011                      /lib/x86_64-linux-gnu/libpthread-2.27.so
7f7e0e040000-7f7e0e23f000 ---p 0001a000 08:10 63011                      /lib/x86_64-linux-gnu/libpthread-2.27.so
7f7e0e23f000-7f7e0e240000 r--p 00019000 08:10 63011                      /lib/x86_64-linux-gnu/libpthread-2.27.so
7f7e0e240000-7f7e0e241000 rw-p 0001a000 08:10 63011                      /lib/x86_64-linux-gnu/libpthread-2.27.so
7f7e0e241000-7f7e0e245000 rw-p 00000000 00:00 0 
7f7e0e245000-7f7e0e248000 r-xp 00000000 08:10 62914                      /lib/x86_64-linux-gnu/libdl-2.27.so
7f7e0e248000-7f7e0e447000 ---p 00003000 08:10 62914                      /lib/x86_64-linux-gnu/libdl-2.27.so
7f7e0e447000-7f7e0e448000 r--p 00002000 08:10 62914                      /lib/x86_64-linux-gnu/libdl-2.27.so
7f7e0e448000-7f7e0e449000 rw-p 00003000 08:10 62914                      /lib/x86_64-linux-gnu/libdl-2.27.so
7f7e0e449000-7f7e0e465000 r-xp 00000000 08:10 63050                      /lib/x86_64-linux-gnu/libz.so.1.2.11
7f7e0e465000-7f7e0e664000 ---p 0001c000 08:10 63050                      /lib/x86_64-linux-gnu/libz.so.1.2.11
7f7e0e664000-7f7e0e665000 r--p 0001b000 08:10 63050                      /lib/x86_64-linux-gnu/libz.so.1.2.11
7f7e0e665000-7f7e0e666000 rw-p 0001c000 08:10 63050                      /lib/x86_64-linux-gnu/libz.so.1.2.11
7f7e0e666000-7f7e0e84d000 r-xp 00000000 08:10 62891                      /lib/x86_64-linux-gnu/libc-2.27.so
7f7e0e84d000-7f7e0ea4d000 ---p 001e7000 08:10 62891                      /lib/x86_64-linux-gnu/libc-2.27.so
7f7e0ea4d000-7f7e0ea51000 r--p 001e7000 08:10 62891                      /lib/x86_64-linux-gnu/libc-2.27.so
7f7e0ea51000-7f7e0ea53000 rw-p 001eb000 08:10 62891                      /lib/x86_64-linux-gnu/libc-2.27.so
7f7e0ea53000-7f7e0ea57000 rw-p 00000000 00:00 0 
7f7e0ea57000-7f7e0ea67000 r-xp 00000000 08:10 56406                      /usr/lib/jvm/java-11-openjdk-amd64/lib/jli/libjli.so
7f7e0ea67000-7f7e0ec66000 ---p 00010000 08:10 56406                      /usr/lib/jvm/java-11-openjdk-amd64/lib/jli/libjli.so
7f7e0ec66000-7f7e0ec67000 r--p 0000f000 08:10 56406                      /usr/lib/jvm/java-11-openjdk-amd64/lib/jli/libjli.so
7f7e0ec67000-7f7e0ec68000 rw-p 00010000 08:10 56406                      /usr/lib/jvm/java-11-openjdk-amd64/lib/jli/libjli.so
7f7e0ec68000-7f7e0ec91000 r-xp 00000000 08:10 62867                      /lib/x86_64-linux-gnu/ld-2.27.so
7f7e0eca1000-7f7e0eca5000 ---p 00000000 00:00 0 
7f7e0eca5000-7f7e0ecc3000 rw-p 00000000 00:00 0 
7f7e0ecc3000-7f7e0ecf4000 r--p 00000000 08:10 56092                      /usr/lib/locale/C.UTF-8/LC_CTYPE
7f7e0ecf4000-7f7e0ecf5000 r--p 00000000 08:10 56098                      /usr/lib/locale/C.UTF-8/LC_NUMERIC
7f7e0ecf5000-7f7e0ecf6000 r--p 00000000 08:10 56101                      /usr/lib/locale/C.UTF-8/LC_TIME
7f7e0ecf6000-7f7e0ecf7000 r--p 00000000 08:10 56096                      /usr/lib/locale/C.UTF-8/LC_MONETARY
7f7e0ecf7000-7f7e0ecf8000 r--p 00000000 08:10 56102                      /usr/lib/locale/C.UTF-8/LC_MESSAGES/SYS_LC_MESSAGES
7f7e0ecf8000-7f7e0ecf9000 r--p 00000000 08:10 56099                      /usr/lib/locale/C.UTF-8/LC_PAPER
7f7e0ecf9000-7f7e0ecfa000 r--p 00000000 08:10 56097                      /usr/lib/locale/C.UTF-8/LC_NAME
7f7e0ecfa000-7f7e0ecfb000 r--p 00000000 08:10 56090                      /usr/lib/locale/C.UTF-8/LC_ADDRESS
7f7e0ecfb000-7f7e0ecfc000 r--p 00000000 08:10 56100                      /usr/lib/locale/C.UTF-8/LC_TELEPHONE
7f7e0ecfc000-7f7e0ecfd000 r--p 00000000 08:10 56094                      /usr/lib/locale/C.UTF-8/LC_MEASUREMENT
7f7e0ecfd000-7f7e0ed04000 r--s 00000000 08:10 48263                      /usr/lib/x86_64-linux-gnu/gconv/gconv-modules.cache
7f7e0ed04000-7f7e0ed05000 r--p 00000000 08:10 56093                      /usr/lib/locale/C.UTF-8/LC_IDENTIFICATION
7f7e0ed05000-7f7e0ed79000 rw-p 00000000 00:00 0 
7f7e0ed79000-7f7e0ed80000 ---p 00000000 00:00 0 
7f7e0ed80000-7f7e0ed84000 ---p 00000000 00:00 0 
7f7e0ed84000-7f7e0ee83000 rw-p 00000000 00:00 0 
7f7e0ee83000-7f7e0ee85000 r--s 00007000 08:10 24187                      /usr/share/java/java-atk-wrapper.jar
7f7e0ee85000-7f7e0ee8d000 rw-s 00000000 08:10 106775                     /tmp/hsperfdata_racecar/1271
7f7e0ee8d000-7f7e0ee8e000 ---p 00000000 00:00 0 
7f7e0ee8e000-7f7e0ee8f000 r--p 00000000 00:00 0 
7f7e0ee8f000-7f7e0ee91000 rw-p 00000000 00:00 0 
7f7e0ee91000-7f7e0ee92000 r--p 00029000 08:10 62867                      /lib/x86_64-linux-gnu/ld-2.27.so
7f7e0ee92000-7f7e0ee93000 rw-p 0002a000 08:10 62867                      /lib/x86_64-linux-gnu/ld-2.27.so
7f7e0ee93000-7f7e0ee94000 rw-p 00000000 00:00 0 
7ffd341d1000-7ffd341f3000 rw-p 00000000 00:00 0                          [stack]
7ffd341fc000-7ffd341ff000 r--p 00000000 00:00 0                          [vvar]
7ffd341ff000-7ffd34200000 r-xp 00000000 00:00 0                          [vdso]


VM Arguments:
jvm_args: --add-modules=ALL-SYSTEM --add-opens=java.base/java.util=ALL-UNNAMED --add-opens=java.base/java.lang=ALL-UNNAMED -Declipse.application=org.eclipse.jdt.ls.core.id1 -Dosgi.bundles.defaultStartLevel=4 -Declipse.product=org.eclipse.jdt.ls.core.product -Dfile.encoding=utf8 -XX:+UseParallelGC -XX:GCTimeRatio=4 -XX:AdaptiveSizePolicyWeight=90 -Dsun.zip.disableMemoryMapping=true -Xmx1G -Xms100m -javaagent:/home/racecar/.vscode-server/extensions/gabrielbb.vscode-lombok-1.0.1/server/lombok.jar -Xverify:none 
java_command: /home/racecar/.vscode-server/extensions/redhat.java-0.76.0/server/plugins/org.eclipse.equinox.launcher_1.6.100.v20201223-0822.jar -configuration /home/racecar/.vscode-server/data/User/globalStorage/redhat.java/0.76.0/config_linux -data /home/racecar/.vscode-server/data/User/workspaceStorage/028cdffddb8b8e29c720119db82f7b1c/redhat.java/jdt_ws
java_class_path (initial): /home/racecar/.vscode-server/extensions/redhat.java-0.76.0/server/plugins/org.eclipse.equinox.launcher_1.6.100.v20201223-0822.jar
Launcher Type: SUN_STANDARD

[Global flags]
    uintx AdaptiveSizePolicyWeight                 = 90                                        {product} {command line}
     bool BytecodeVerificationLocal                = false                                     {product} {command line}
     bool BytecodeVerificationRemote               = false                                     {product} {command line}
     intx CICompilerCount                          = 4                                         {product} {ergonomic}
    uintx GCTimeRatio                              = 4                                         {product} {command line}
   size_t InitialHeapSize                          = 104857600                                 {product} {command line}
   size_t MaxHeapSize                              = 1073741824                                {product} {command line}
   size_t MaxNewSize                               = 357564416                                 {product} {ergonomic}
   size_t MinHeapDeltaBytes                        = 524288                                    {product} {ergonomic}
   size_t NewSize                                  = 34603008                                  {product} {ergonomic}
    uintx NonNMethodCodeHeapSize                   = 5836300                                {pd product} {ergonomic}
    uintx NonProfiledCodeHeapSize                  = 122910970                              {pd product} {ergonomic}
   size_t OldSize                                  = 70254592                                  {product} {ergonomic}
    uintx ProfiledCodeHeapSize                     = 122910970                              {pd product} {ergonomic}
    uintx ReservedCodeCacheSize                    = 251658240                              {pd product} {ergonomic}
     bool SegmentedCodeCache                       = true                                      {product} {ergonomic}
     bool UseCompressedClassPointers               = true                                 {lp64_product} {ergonomic}
     bool UseCompressedOops                        = true                                 {lp64_product} {ergonomic}
     bool UseParallelGC                            = true                                      {product} {command line}

Logging:
Log output configuration:
 #0: stdout all=warning uptime,level,tags
 #1: stderr all=off uptime,level,tags

Environment Variables:
PATH=/home/racecar/.vscode-server/bin/2b9aebd5354a3629c3aba0a5f5df49f43d6689f8/bin:/home/racecar/.nvm/versions/node/v15.3.0/bin:/usr/local/sbin:/usr/local/bin:/usr/sbin:/usr/bin:/sbin:/bin:/usr/games:/usr/local/games:/mnt/c/Program Files/WindowsApps/CanonicalGroupLimited.UbuntuonWindows_2004.2021.222.0_x64__79rhkp1fndgsc:/mnt/c/Program Files/MySQL/MySQL Server 8.0/bin:/mnt/c/glassfish-5.1.0/glassfish/bin:/mnt/c/Program Files/Java/jdk1.8.0_221/bin:/mnt/c/Program Files (x86)/Common Files/Oracle/Java/javapath:/mnt/c/Program Files (x86)/Intel/iCLS Client/:/mnt/c/Program Files/Intel/iCLS Client/:/mnt/c/Windows/system32:/mnt/c/Windows:/mnt/c/Windows/System32/Wbem:/mnt/c/Windows/System32/WindowsPowerShell/v1.0/:/mnt/c/Program Files (x86)/Intel/Intel(R) Management Engine Components/DAL:/mnt/c/Program Files/Intel/Intel(R) Management Engine Components/DAL:/mnt/c/Program Files (x86)/Intel/Intel(R) Management Engine Components/IPT:/mnt/c/Program Files/Intel/Intel(R) Management Engine Components/IPT:/mnt/c/Program Files (x86)/NVIDIA Corporation/PhysX/Common:/mnt/c/WINDOWS/system32:/mnt/c/WINDOWS:/mnt/c/WINDOWS/System32/Wbem:/mnt/c/WINDOWS/System32/WindowsPowerShell/v1.0/:/mnt/c/WINDOWS/System32/OpenSSH/:/mnt/c/Program Files/Git/cmd:/mnt/c/Program Files/Intel/WiFi/bin/:/mnt/c/Program Files/Common Files/Intel/WirelessCommon/:/mnt/c/Program Files/PostgreSQL/11/bin:/mnt/c/Program Files/PostgreSQL/11/lib:/mnt/c/Program Files (x86)/PuTTY/:/mnt/c/Users/keef_/AppData/Local/Android/Sdk/platform-tools:/mnt/c/Users/keef_/AppData/Local/Android/Sdk/tools:/mnt/c/Program Files/NVIDIA Corporation/NVIDIA NvDLISR:/mnt/c/ffmpeg/bin/:/mnt/c/WINDOWS/system32:/mnt/c/WINDOWS:/mnt/c/WINDOWS/System32/Wbem:/mnt/c/WINDOWS/System32/WindowsPowerShell/v1.0/:/mnt/c/WINDOWS/System32/OpenSSH/:/mnt/c/Program Files/Apache Maven/apache-maven-3.6.3/bin:/mnt/c/Users/keef_/AppData/Local/Programs/Python/Python39/python.exe:/mnt/c/Program Files/nodejs/:/mnt/c/Users/keef_/AppData/Local/Programs/Python/Python39/:/mnt/c/User
SHELL=/bin/bash
HOSTTYPE=x86_64
LANG=C.UTF-8

Signal Handlers:
SIGSEGV: [libjvm.so+0xeeaf50], sa_mask[0]=11111111011111111101111111111110, sa_flags=SA_RESTART|SA_SIGINFO
SIGBUS: [libjvm.so+0xeeaf50], sa_mask[0]=11111111011111111101111111111110, sa_flags=SA_RESTART|SA_SIGINFO
SIGFPE: [libjvm.so+0xeeaf50], sa_mask[0]=11111111011111111101111111111110, sa_flags=SA_RESTART|SA_SIGINFO
SIGPIPE: [libjvm.so+0xc0ee30], sa_mask[0]=11111111011111111101111111111110, sa_flags=SA_RESTART|SA_SIGINFO
SIGXFSZ: [libjvm.so+0xc0ee30], sa_mask[0]=11111111011111111101111111111110, sa_flags=SA_RESTART|SA_SIGINFO
SIGILL: [libjvm.so+0xeeaf50], sa_mask[0]=11111111011111111101111111111110, sa_flags=SA_RESTART|SA_SIGINFO
SIGUSR2: [libjvm.so+0xc0ecd0], sa_mask[0]=00000000000000000000000000000000, sa_flags=SA_RESTART|SA_SIGINFO
SIGHUP: [libjvm.so+0xc0f030], sa_mask[0]=11111111011111111101111111111110, sa_flags=SA_RESTART|SA_SIGINFO
SIGINT: [libjvm.so+0xc0f030], sa_mask[0]=11111111011111111101111111111110, sa_flags=SA_RESTART|SA_SIGINFO
SIGTERM: [libjvm.so+0xc0f030], sa_mask[0]=11111111011111111101111111111110, sa_flags=SA_RESTART|SA_SIGINFO
SIGQUIT: [libjvm.so+0xc0f030], sa_mask[0]=11111111011111111101111111111110, sa_flags=SA_RESTART|SA_SIGINFO


---------------  S Y S T E M  ---------------

OS:DISTRIB_ID=Ubuntu
DISTRIB_RELEASE=18.04
DISTRIB_CODENAME=bionic
DISTRIB_DESCRIPTION="Ubuntu 18.04.2 LTS"
uname:Linux 5.4.72-microsoft-standard-WSL2 #1 SMP Wed Oct 28 23:40:43 UTC 2020 x86_64
OS uptime: 0 days 8:27 hours
libc:glibc 2.27 NPTL 2.27 
rlimit (soft/hard): STACK 8192k/infinity , CORE 0k/infinity , NPROC 50673/50673 , NOFILE 4096/4096 , AS infinity/infinity , CPU infinity/infinity , DATA infinity/infinity , FSIZE infinity/infinity , MEMLOCK 64k/64k
load average:0.16 0.20 0.16

/proc/meminfo:
MemTotal:       12977100 kB
MemFree:         4616472 kB
MemAvailable:    6506324 kB
Buffers:          295288 kB
Cached:          2153000 kB
SwapCached:            0 kB
Active:          6231472 kB
Inactive:        1699788 kB
Active(anon):    5552504 kB
Inactive(anon):   331928 kB
Active(file):     678968 kB
Inactive(file):  1367860 kB
Unevictable:           0 kB
Mlocked:               0 kB
SwapTotal:       4194304 kB
SwapFree:        4194304 kB
Dirty:                88 kB
Writeback:             0 kB
AnonPages:       5424728 kB
Mapped:           378552 kB
Shmem:            410088 kB
KReclaimable:     157612 kB
Slab:             230940 kB
SReclaimable:     157612 kB
SUnreclaim:        73328 kB
KernelStack:       15872 kB
PageTables:        57348 kB
NFS_Unstable:          0 kB
Bounce:                0 kB
WritebackTmp:          0 kB
CommitLimit:    10682852 kB
Committed_AS:    8074032 kB
VmallocTotal:   34359738367 kB
VmallocUsed:       36112 kB
VmallocChunk:          0 kB
Percpu:             3104 kB
AnonHugePages:   2424832 kB
ShmemHugePages:        0 kB
ShmemPmdMapped:        0 kB
FileHugePages:         0 kB
FilePmdMapped:         0 kB
HugePages_Total:       0
HugePages_Free:        0
HugePages_Rsvd:        0
HugePages_Surp:        0
Hugepagesize:       2048 kB
Hugetlb:               0 kB
DirectMap4k:       19456 kB
DirectMap2M:     5945344 kB
DirectMap1G:     7340032 kB

/sys/kernel/mm/transparent_hugepage/enabled:
[always] madvise never
/sys/kernel/mm/transparent_hugepage/defrag (defrag/compaction efforts parameter):
always defer defer+madvise [madvise] never

/proc/sys/kernel/threads-max (system-wide limit on the number of threads):
101347
/proc/sys/vm/max_map_count (maximum number of memory map areas a process may have):
65530
/proc/sys/kernel/pid_max (system-wide limit on number of process identifiers):
32768

container (cgroup) information:
container_type: cgroupv1
cpu_cpuset_cpus: 0-7
cpu_memory_nodes: 0
active_processor_count: 8
cpu_quota: -1
cpu_period: 100000
cpu_shares: -1
memory_limit_in_bytes: -1
memory_and_swap_limit_in_bytes: -1
memory_soft_limit_in_bytes: -1
memory_usage_in_bytes: 8114667520
memory_max_usage_in_bytes: 4715048960

HyperV virtualization detected
Steal ticks since vm start: 0
Steal ticks percentage since vm start:  0.000

CPU:total 8 (initial active 8) (4 cores per cpu, 2 threads per core) family 6 model 142 stepping 10, cmov, cx8, fxsr, mmx, sse, sse2, sse3, ssse3, sse4.1, sse4.2, popcnt, avx, avx2, aes, clmul, erms, 3dnowpref, lzcnt, ht, tsc, bmi1, bmi2, adx, fma
CPU Model and flags from /proc/cpuinfo:
model name	: Intel(R) Core(TM) i7-8550U CPU @ 1.80GHz
flags		: fpu vme de pse tsc msr pae mce cx8 apic sep mtrr pge mca cmov pat pse36 clflush mmx fxsr sse sse2 ss ht syscall nx pdpe1gb rdtscp lm constant_tsc rep_good nopl xtopology cpuid pni pclmulqdq ssse3 fma cx16 pcid sse4_1 sse4_2 movbe popcnt aes xsave avx f16c rdrand hypervisor lahf_lm abm 3dnowprefetch invpcid_single pti ssbd ibrs ibpb stibp fsgsbase bmi1 avx2 smep bmi2 erms invpcid rdseed adx smap clflushopt xsaveopt xsavec xgetbv1 xsaves flush_l1d arch_capabilities
Online cpus:
0-7
Offline cpus:

BIOS frequency limitation:
<Not Available>
Frequency switch latency (ns):
<Not Available>
Available cpu frequencies:
<Not Available>
Current governor:
<Not Available>
Core performance/turbo boost:
<Not Available>

Memory: 4k page, physical 12977100k(4616472k free), swap 4194304k(4194304k free)

vm_info: OpenJDK 64-Bit Server VM (11.0.9.1+1-Ubuntu-0ubuntu1.18.04) for linux-amd64 JRE (11.0.9.1+1-Ubuntu-0ubuntu1.18.04), built on Nov 10 2020 04:18:42 by "unknown" with gcc 7.5.0

END.
